*** PF INFO ***
Time     : Sun Jun  4 18:17:53 2023
System   : C:/Users/anton/Documents/RobotStudio/Projects/FYP_v15/Virtual Controllers/FYP_v00
RobotWare: 7.8.2
RobotControl: 7.8.2
Shutdown type: 1 mode: 1 reason: 1 
Image lost in previous shutdown: no
CFG counter value  :  7114
Unfinished crit sec:  0

*** PF INFO ***
Time     : Sun Jun  4 18:18:10 2023
System   : C:/Users/anton/Documents/RobotStudio/Projects/FYP_v15/Virtual Controllers/FYP_v00
RobotWare: 7.8.2
RobotControl: 7.8.2
Shutdown type: 1 mode: 1 reason: 1 
Image lost in previous shutdown: no
CFG counter value  :  7870
Unfinished crit sec:  0

*** PF INFO ***
Time     : Sun Jun  4 18:18:31 2023
System   : C:/Users/anton/Documents/RobotStudio/Projects/FYP_v15/Virtual Controllers/FYP_v00
RobotWare: 7.8.2
RobotControl: 7.8.2
Shutdown type: 1 mode: 1 reason: 1 
Image lost in previous shutdown: no
CFG counter value  :  7960
Unfinished crit sec:  0

*** PF INFO ***
Time     : Mon Jun  5 20:43:57 2023
System   : C:/Users/anton/Documents/RobotStudio/Projects/FYP_v15/Virtual Controllers/FYP_v00
RobotWare: 7.8.2
RobotControl: 7.8.2
Shutdown type: 1 mode: 1 reason: 1 
Image lost in previous shutdown: no
CFG counter value  :  8054
Unfinished crit sec:  0

*** PF INFO ***
Time     : Tue Jun  6 12:43:09 2023
System   : C:/Users/anton/Documents/RobotStudio/Projects/FYP_v15/Virtual Controllers/FYP_v00
RobotWare: 7.8.2
RobotControl: 7.8.2
Shutdown type: 1 mode: 1 reason: 1 
Image lost in previous shutdown: no
CFG counter value  :  8146
Unfinished crit sec:  0

*** PF INFO ***
Time     : Tue Jun  6 14:17:34 2023
System   : C:/Users/anton/Documents/RobotStudio/Projects/FYP_v15/Virtual Controllers/FYP_v00
RobotWare: 7.8.2
RobotControl: 7.8.2
Shutdown type: 1 mode: 1 reason: 1 
Image lost in previous shutdown: no
CFG counter value  :  8238
Unfinished crit sec:  0

*** PF INFO ***
Time     : Tue Jun  6 18:48:55 2023
System   : C:/Users/anton/Documents/RobotStudio/Projects/FYP_v15/Virtual Controllers/FYP_v00
RobotWare: 7.8.2
RobotControl: 7.8.2
Shutdown type: 1 mode: 1 reason: 1 
Image lost in previous shutdown: no
CFG counter value  :  8330
Unfinished crit sec:  0

*** PF INFO ***
Time     : Tue Jun  6 21:11:17 2023
System   : C:/Users/anton/Documents/RobotStudio/Projects/FYP_v15/Virtual Controllers/FYP_v00
RobotWare: 7.8.2
RobotControl: 7.8.2
Shutdown type: 1 mode: 1 reason: 1 
Image lost in previous shutdown: no
CFG counter value  :  8422
Unfinished crit sec:  0

*** PF INFO ***
Time     : Wed Jun  7 13:10:00 2023
System   : C:/Users/anton/Documents/RobotStudio/Projects/FYP_v15/Virtual Controllers/FYP_v00
RobotWare: 7.8.2
RobotControl: 7.8.2
Shutdown type: 1 mode: 1 reason: 1 
Image lost in previous shutdown: no
CFG counter value  :  8514
Unfinished crit sec:  0

*** PF INFO ***
Time     : Wed Jun  7 13:36:04 2023
System   : C:/Users/anton/Documents/RobotStudio/Projects/FYP_v15/Virtual Controllers/FYP_v00
RobotWare: 7.8.2
RobotControl: 7.8.2
Shutdown type: 1 mode: 1 reason: 1 
Image lost in previous shutdown: no
CFG counter value  :  8606
Unfinished crit sec:  0

*** PF INFO ***
Time     : Wed Jun  7 13:37:56 2023
System   : C:/Users/anton/Documents/RobotStudio/Projects/FYP_v15/Virtual Controllers/FYP_v00
RobotWare: 7.8.2
RobotControl: 7.8.2
Shutdown type: 1 mode: 1 reason: 1 
Image lost in previous shutdown: no
CFG counter value  :  8698
Unfinished crit sec:  0

*** PF INFO ***
Time     : Wed Jun  7 14:28:40 2023
System   : C:/Users/anton/Documents/RobotStudio/Projects/FYP_v15/Virtual Controllers/FYP_v00
RobotWare: 7.8.2
RobotControl: 7.8.2
Shutdown type: 1 mode: 1 reason: 1 
Image lost in previous shutdown: no
CFG counter value  :  8790
Unfinished crit sec:  0

*** PF INFO ***
Time     : Wed Jun  7 14:35:45 2023
System   : C:/Users/anton/Documents/RobotStudio/Projects/FYP_v15/Virtual Controllers/FYP_v00
RobotWare: 7.8.2
RobotControl: 7.8.2
Shutdown type: 1 mode: 1 reason: 1 
Image lost in previous shutdown: no
CFG counter value  :  8882
Unfinished crit sec:  0

*** PF INFO ***
Time     : Wed Jun  7 15:00:23 2023
System   : C:/Users/anton/Documents/RobotStudio/Projects/FYP_v15/Virtual Controllers/FYP_v00
RobotWare: 7.8.2
RobotControl: 7.8.2
Shutdown type: 1 mode: 1 reason: 1 
Image lost in previous shutdown: no
CFG counter value  :  8974
Unfinished crit sec:  0

*** PF INFO ***
Time     : Wed Jun  7 15:07:38 2023
System   : C:/Users/anton/Documents/RobotStudio/Projects/FYP_v15/Virtual Controllers/FYP_v00
RobotWare: 7.8.2
RobotControl: 7.8.2
Shutdown type: 1 mode: 1 reason: 1 
Image lost in previous shutdown: no
CFG counter value  :  9066
Unfinished crit sec:  0

*** PF INFO ***
Time     : Wed Jun  7 15:09:07 2023
System   : C:/Users/anton/Documents/RobotStudio/Projects/FYP_v15/Virtual Controllers/FYP_v00
RobotWare: 7.8.2
RobotControl: 7.8.2
Shutdown type: 1 mode: 1 reason: 1 
Image lost in previous shutdown: no
CFG counter value  :  9158
Unfinished crit sec:  0

*** PF INFO ***
Time     : Wed Jun  7 15:37:06 2023
System   : C:/Users/anton/Documents/RobotStudio/Projects/FYP_v15/Virtual Controllers/FYP_v00
RobotWare: 7.8.2
RobotControl: 7.8.2
Shutdown type: 1 mode: 1 reason: 1 
Image lost in previous shutdown: no
CFG counter value  :  9250
Unfinished crit sec:  0

*** PF INFO ***
Time     : Wed Jun  7 15:38:20 2023
System   : C:/Users/anton/Documents/RobotStudio/Projects/FYP_v15/Virtual Controllers/FYP_v00
RobotWare: 7.8.2
RobotControl: 7.8.2
Shutdown type: 1 mode: 1 reason: 1 
Image lost in previous shutdown: no
CFG counter value  :  9342
Unfinished crit sec:  0

*** PF INFO ***
Time     : Wed Jun  7 16:15:12 2023
System   : C:/Users/anton/Documents/RobotStudio/Projects/FYP_v15/Virtual Controllers/FYP_v00
RobotWare: 7.8.2
RobotControl: 7.8.2
Shutdown type: 1 mode: 1 reason: 1 
Image lost in previous shutdown: no
CFG counter value  :  9434
Unfinished crit sec:  0

*** PF INFO ***
Time     : Wed Jun  7 16:16:39 2023
System   : C:/Users/anton/Documents/RobotStudio/Projects/FYP_v15/Virtual Controllers/FYP_v00
RobotWare: 7.8.2
RobotControl: 7.8.2
Shutdown type: 1 mode: 1 reason: 1 
Image lost in previous shutdown: no
CFG counter value  :  9526
Unfinished crit sec:  0

*** PF INFO ***
Time     : Wed Jun  7 16:49:25 2023
System   : C:/Users/anton/Documents/RobotStudio/Projects/FYP_v15/Virtual Controllers/FYP_v00
RobotWare: 7.8.2
RobotControl: 7.8.2
Shutdown type: 1 mode: 1 reason: 1 
Image lost in previous shutdown: no
CFG counter value  :  9618
Unfinished crit sec:  0

*** PF INFO ***
Time     : Wed Jun  7 16:51:25 2023
System   : C:/Users/anton/Documents/RobotStudio/Projects/FYP_v15/Virtual Controllers/FYP_v00
RobotWare: 7.8.2
RobotControl: 7.8.2
Shutdown type: 1 mode: 1 reason: 1 
Image lost in previous shutdown: no
CFG counter value  :  9710
Unfinished crit sec:  0

*** PF INFO ***
Time     : Wed Jun  7 17:18:10 2023
System   : C:/Users/anton/Documents/RobotStudio/Projects/FYP_v15/Virtual Controllers/FYP_v00
RobotWare: 7.8.2
RobotControl: 7.8.2
Shutdown type: 1 mode: 1 reason: 1 
Image lost in previous shutdown: no
CFG counter value  :  9802
Unfinished crit sec:  0

*** PF INFO ***
Time     : Thu Jun  8 10:08:03 2023
System   : C:/Users/anton/Documents/RobotStudio/Projects/FYP_v15/Virtual Controllers/FYP_v00
RobotWare: 7.8.2
RobotControl: 7.8.2
Shutdown type: 1 mode: 1 reason: 1 
Image lost in previous shutdown: no
CFG counter value  :  9894
Unfinished crit sec:  0

*** PF INFO ***
Time     : Thu Jun  8 10:42:51 2023
System   : C:/Users/anton/Documents/RobotStudio/Projects/FYP_v15/Virtual Controllers/FYP_v00
RobotWare: 7.8.2
RobotControl: 7.8.2
Shutdown type: 1 mode: 1 reason: 1 
Image lost in previous shutdown: no
CFG counter value  :  9986
Unfinished crit sec:  0

*** PF INFO ***
Time     : Thu Jun  8 10:45:08 2023
System   : C:/Users/anton/Documents/RobotStudio/Projects/FYP_v15/Virtual Controllers/FYP_v00
RobotWare: 7.8.2
RobotControl: 7.8.2
Shutdown type: 1 mode: 1 reason: 1 
Image lost in previous shutdown: no
CFG counter value  :  10078
Unfinished crit sec:  0

*** PF INFO ***
Time     : Sat Jun 10 17:20:56 2023
System   : C:/Users/anton/Documents/RobotStudio/Projects/FYP_v15/Virtual Controllers/FYP_v00
RobotWare: 7.8.2
RobotControl: 7.8.2
Shutdown type: 1 mode: 1 reason: 1 
Image lost in previous shutdown: no
CFG counter value  :  10170
Unfinished crit sec:  0

*** PF INFO ***
Time     : Sat Jun 10 17:21:15 2023
System   : C:/Users/anton/Documents/RobotStudio/Projects/FYP_v15/Virtual Controllers/FYP_v00
RobotWare: 7.8.2
RobotControl: 7.8.2
Shutdown type: 1 mode: 1 reason: 1 
Image lost in previous shutdown: no
CFG counter value  :  10262
Unfinished crit sec:  0

*** PF INFO ***
Time     : Sun Jun 11 12:48:12 2023
System   : C:/Users/anton/Documents/RobotStudio/Projects/FYP_v15/Virtual Controllers/FYP_v00
RobotWare: 7.8.2
RobotControl: 7.8.2
Shutdown type: 1 mode: 1 reason: 1 
Image lost in previous shutdown: no
CFG counter value  :  10354
Unfinished crit sec:  0

*** PF INFO ***
Time     : Sun Jun 11 14:08:06 2023
System   : C:/Users/anton/Documents/RobotStudio/Projects/FYP_v15/Virtual Controllers/FYP_v00
RobotWare: 7.8.2
RobotControl: 7.8.2
Shutdown type: 1 mode: 1 reason: 1 
Image lost in previous shutdown: no
CFG counter value  :  10446
Unfinished crit sec:  0

*** PF INFO ***
Time     : Wed Aug  9 10:14:29 2023
System   : C:/Users/anton/Documents/RobotStudio/Projects/FYP_v15/Virtual Controllers/FYP_v00
RobotWare: 7.8.2
RobotControl: 7.8.2
Shutdown type: 1 mode: 1 reason: 1 
Image lost in previous shutdown: no
CFG counter value  :  10538
Unfinished crit sec:  0

