<9>Jun  4 18:17:53 FYP_v00 ABB-UAL:01:Security log file deleted by user|-|syslog.log not found|3420|00001|-|robot|syslog	1
<13>Jun  4 18:17:56 FYP_v00 ABB-UAL:01:Log-in successful|-|UAS_UID=65537|1110|00002|-|robot|NativeUser	2
<13>Jun  4 18:17:56 FYP_v00 ABB-UAL:01:Log-in successful|-|UAS_UID=131074|1110|00003|-|robot|NativeUser	3
<13>Jun  4 18:17:57 FYP_v00 ABB-UAL:01:Log-in successful|-|UAS_UID=196611|1110|00004|-|robot|NativeUser	4
<13>Jun  4 18:17:58 FYP_v00 ABB-UAL:01:Log-in successful|-|UAS_UID=262148|1110|00005|-|robot|NativeUser	5
<13>Jun  4 18:17:58 FYP_v00 ABB-UAL:01:Log-in successful|-|UAS_UID=327685|1110|00006|-|robot|NativeUser	6
<13>Jun  4 18:17:58 FYP_v00 ABB-UAL:01:Log-in successful|-|UAS_UID=393222|1110|00007|-|robot|NativeUser	7
<13>Jun  4 18:18:05 FYP_v00 ABB-UAL:01:Log-in successful|-|UAS_UID=458759|1110|00008|-|robot|Default User	8
<13>Jun  4 18:18:08 FYP_v00 ABB-UAL:01:Log-in successful|-|UAS_UID=524296|1110|00009|-|robot|Default User	9
<13>Jun  4 18:18:08 FYP_v00 ABB-UAL:01:Configuration upload|-|Start restore|1331|00010|-|robot|458759	10
<13>Jun  4 18:18:13 FYP_v00 ABB-UAL:01:Log-in successful|-|UAS_UID=65537|1110|00011|-|robot|NativeUser	11
<13>Jun  4 18:18:14 FYP_v00 ABB-UAL:01:Log-in successful|-|UAS_UID=131074|1110|00012|-|robot|NativeUser	12
<13>Jun  4 18:18:14 FYP_v00 ABB-UAL:01:Log-in successful|-|UAS_UID=196611|1110|00013|-|robot|NativeUser	13
<13>Jun  4 18:18:16 FYP_v00 ABB-UAL:01:Log-in successful|-|UAS_UID=262148|1110|00014|-|robot|NativeUser	14
<13>Jun  4 18:18:16 FYP_v00 ABB-UAL:01:Log-in successful|-|UAS_UID=327685|1110|00015|-|robot|NativeUser	15
<13>Jun  4 18:18:16 FYP_v00 ABB-UAL:01:Log-in successful|-|UAS_UID=393222|1110|00016|-|robot|NativeUser	16
<13>Jun  4 18:18:20 FYP_v00 ABB-UAL:01:Log-in successful|-|UAS_UID=458759|1110|00017|-|robot|Default User	17
<13>Jun  4 18:18:25 FYP_v00 ABB-UAL:01:Log-in successful|-|UAS_UID=524296|1110|00018|-|robot|Default User	18
<13>Jun  4 18:18:30 FYP_v00 ABB-UAL:01:Log-out (user logged out)|-|UAS_UID=524296|1210|00019|-|robot|	19
<13>Jun  4 18:18:30 FYP_v00 ABB-UAL:01:Log-out (user logged out)|-|UAS_UID=458759|1210|00020|-|robot|	20
<13>Jun  4 18:18:30 FYP_v00 ABB-UAL:01:Log-out (user logged out)|-|Socket=7416|1210|00021|-|robot|	21
<13>Jun  4 18:18:40 FYP_v00 ABB-UAL:01:Log-in successful|-|UAS_UID=65537|1110|00022|-|robot|NativeUser	22
<13>Jun  4 18:18:41 FYP_v00 ABB-UAL:01:Log-in successful|-|UAS_UID=131074|1110|00023|-|robot|NativeUser	23
<13>Jun  4 18:18:42 FYP_v00 ABB-UAL:01:Log-in successful|-|UAS_UID=196611|1110|00024|-|robot|NativeUser	24
<13>Jun  4 18:18:42 FYP_v00 ABB-UAL:01:Log-in successful|-|UAS_UID=262148|1110|00025|-|robot|NativeUser	25
<13>Jun  4 18:18:42 FYP_v00 ABB-UAL:01:Log-in successful|-|UAS_UID=327685|1110|00026|-|robot|NativeUser	26
<13>Jun  4 18:18:42 FYP_v00 ABB-UAL:01:Log-in successful|-|UAS_UID=393222|1110|00027|-|robot|NativeUser	27
<13>Jun  4 18:18:45 FYP_v00 ABB-UAL:01:Log-in successful|-|UAS_UID=458759|1110|00028|-|robot|Admin	28
<13>Jun  4 18:18:53 FYP_v00 ABB-UAL:01:Log-in successful|-|UAS_UID=524296|1110|00029|-|robot|Admin	29
<13>Jun  4 18:19:36 FYP_v00 ABB-UAL:01:Log-in successful|-|UAS_UID=589833|1110|00030|-|robot|Default User	30
<13>Jun  4 18:19:36 FYP_v00 ABB-UAL:01:Log-in successful|-|UAS_UID=655370|1110|00031|-|robot|Default User	31
<13>Jun  4 18:19:36 FYP_v00 ABB-UAL:01:Log-out (user logged out)|-|UAS_UID=589833|1210|00032|-|robot|	32
<13>Jun  4 18:19:36 FYP_v00 ABB-UAL:01:Log-out (user logged out)|-|UAS_UID=655370|1210|00033|-|robot|	33
<13>Jun  4 18:19:36 FYP_v00 ABB-UAL:01:Log-in successful|-|UAS_UID=720905|1110|00034|-|robot|Default User	34
<13>Jun  4 18:19:36 FYP_v00 ABB-UAL:01:Log-in successful|-|UAS_UID=786442|1110|00035|-|robot|Default User	35
<13>Jun  4 18:24:53 FYP_v00 ABB-UAL:01:Log-out (user logged out)|-|UAS_UID=524296|1210|00036|-|robot|	36
<13>Jun  4 18:25:03 FYP_v00 ABB-UAL:01:Log-in successful|-|UAS_UID=851976|1110|00037|-|robot|NativeUser	37
<13>Jun  4 21:31:18 FYP_v00 ABB-UAL:01:Log-out (user logged out)|-|UAS_UID=786442|1210|00038|-|robot|	38
<13>Jun  4 21:31:32 FYP_v00 ABB-UAL:01:Log-in successful|-|UAS_UID=917514|1110|00039|-|robot|Default User	39
<13>Jun  5 15:20:25 FYP_v00 ABB-UAL:01:Log-out (user logged out)|-|UAS_UID=917514|1210|00040|-|robot|	40
<13>Jun  5 15:23:22 FYP_v00 ABB-UAL:01:Log-in successful|-|UAS_UID=983050|1110|00041|-|robot|Default User	41
<13>Jun  5 19:15:41 FYP_v00 ABB-UAL:01:Log-out (user logged out)|-|UAS_UID=983050|1210|00042|-|robot|	42
<13>Jun  5 20:34:45 FYP_v00 ABB-UAL:01:Log-in successful|-|UAS_UID=1048586|1110|00043|-|robot|Default User	43
<13>Jun  5 20:43:56 FYP_v00 ABB-UAL:01:Log-out (user logged out)|-|UAS_UID=1048586|1210|00044|-|robot|	44
<13>Jun  5 20:43:56 FYP_v00 ABB-UAL:01:Log-out (user logged out)|-|UAS_UID=720905|1210|00045|-|robot|	45
<13>Jun  5 20:43:56 FYP_v00 ABB-UAL:01:Log-out (user logged out)|-|UAS_UID=458759|1210|00046|-|robot|	46
<13>Jun  5 20:43:56 FYP_v00 ABB-UAL:01:Log-out (user logged out)|-|Socket=7400|1210|00047|-|robot|	47
<13>Jun  6 12:14:01 FYP_v00 ABB-UAL:01:Log-in successful|-|UAS_UID=65537|1110|00048|-|robot|NativeUser	48
<13>Jun  6 12:14:02 FYP_v00 ABB-UAL:01:Log-in successful|-|UAS_UID=131074|1110|00049|-|robot|NativeUser	49
<13>Jun  6 12:14:03 FYP_v00 ABB-UAL:01:Log-in successful|-|UAS_UID=196611|1110|00050|-|robot|NativeUser	50
<13>Jun  6 12:14:03 FYP_v00 ABB-UAL:01:Log-in successful|-|UAS_UID=262148|1110|00051|-|robot|NativeUser	51
<13>Jun  6 12:14:03 FYP_v00 ABB-UAL:01:Log-in successful|-|UAS_UID=327685|1110|00052|-|robot|NativeUser	52
<13>Jun  6 12:14:03 FYP_v00 ABB-UAL:01:Log-in successful|-|UAS_UID=393222|1110|00053|-|robot|NativeUser	53
<13>Jun  6 12:14:05 FYP_v00 ABB-UAL:01:Log-in successful|-|UAS_UID=458759|1110|00054|-|robot|Admin	54
<13>Jun  6 12:14:14 FYP_v00 ABB-UAL:01:Log-in successful|-|UAS_UID=524296|1110|00055|-|robot|Admin	55
<13>Jun  6 12:16:28 FYP_v00 ABB-UAL:01:Log-in successful|-|UAS_UID=589833|1110|00056|-|robot|Default User	56
<13>Jun  6 12:16:28 FYP_v00 ABB-UAL:01:Log-in successful|-|UAS_UID=655370|1110|00057|-|robot|Default User	57
<13>Jun  6 12:16:28 FYP_v00 ABB-UAL:01:Log-out (user logged out)|-|UAS_UID=589833|1210|00058|-|robot|	58
<13>Jun  6 12:16:28 FYP_v00 ABB-UAL:01:Log-out (user logged out)|-|UAS_UID=655370|1210|00059|-|robot|	59
<13>Jun  6 12:16:28 FYP_v00 ABB-UAL:01:Log-in successful|-|UAS_UID=720905|1110|00060|-|robot|Default User	60
<13>Jun  6 12:16:28 FYP_v00 ABB-UAL:01:Log-in successful|-|UAS_UID=786442|1110|00061|-|robot|Default User	61
<13>Jun  6 12:20:14 FYP_v00 ABB-UAL:01:Log-out (user logged out)|-|UAS_UID=524296|1210|00062|-|robot|	62
<13>Jun  6 12:43:09 FYP_v00 ABB-UAL:01:Log-out (user logged out)|-|UAS_UID=786442|1210|00063|-|robot|	63
<13>Jun  6 12:43:09 FYP_v00 ABB-UAL:01:Log-out (user logged out)|-|UAS_UID=720905|1210|00064|-|robot|	64
<13>Jun  6 12:43:09 FYP_v00 ABB-UAL:01:Log-out (user logged out)|-|UAS_UID=458759|1210|00065|-|robot|	65
<13>Jun  6 12:43:09 FYP_v00 ABB-UAL:01:Log-out (user logged out)|-|Socket=7396|1210|00066|-|robot|	66
<13>Jun  6 12:44:16 FYP_v00 ABB-UAL:01:Log-in successful|-|UAS_UID=65537|1110|00067|-|robot|NativeUser	67
<13>Jun  6 12:44:17 FYP_v00 ABB-UAL:01:Log-in successful|-|UAS_UID=131074|1110|00068|-|robot|NativeUser	68
<13>Jun  6 12:44:17 FYP_v00 ABB-UAL:01:Log-in successful|-|UAS_UID=196611|1110|00069|-|robot|NativeUser	69
<13>Jun  6 12:44:17 FYP_v00 ABB-UAL:01:Log-in successful|-|UAS_UID=262148|1110|00070|-|robot|NativeUser	70
<13>Jun  6 12:44:17 FYP_v00 ABB-UAL:01:Log-in successful|-|UAS_UID=327685|1110|00071|-|robot|NativeUser	71
<13>Jun  6 12:44:17 FYP_v00 ABB-UAL:01:Log-in successful|-|UAS_UID=393222|1110|00072|-|robot|NativeUser	72
<13>Jun  6 12:44:20 FYP_v00 ABB-UAL:01:Log-in successful|-|UAS_UID=458759|1110|00073|-|robot|Admin	73
<13>Jun  6 12:44:28 FYP_v00 ABB-UAL:01:Log-in successful|-|UAS_UID=524296|1110|00074|-|robot|Admin	74
<13>Jun  6 12:45:38 FYP_v00 ABB-UAL:01:Log-in successful|-|UAS_UID=589833|1110|00075|-|robot|Default User	75
<13>Jun  6 12:45:38 FYP_v00 ABB-UAL:01:Log-in successful|-|UAS_UID=655370|1110|00076|-|robot|Default User	76
<13>Jun  6 12:45:38 FYP_v00 ABB-UAL:01:Log-out (user logged out)|-|UAS_UID=589833|1210|00077|-|robot|	77
<13>Jun  6 12:45:38 FYP_v00 ABB-UAL:01:Log-out (user logged out)|-|UAS_UID=655370|1210|00078|-|robot|	78
<13>Jun  6 12:45:38 FYP_v00 ABB-UAL:01:Log-in successful|-|UAS_UID=720905|1110|00079|-|robot|Default User	79
<13>Jun  6 12:45:38 FYP_v00 ABB-UAL:01:Log-in successful|-|UAS_UID=786442|1110|00080|-|robot|Default User	80
<13>Jun  6 12:50:28 FYP_v00 ABB-UAL:01:Log-out (user logged out)|-|UAS_UID=524296|1210|00081|-|robot|	81
<13>Jun  6 14:04:18 FYP_v00 ABB-UAL:01:Log-out (user logged out)|-|UAS_UID=786442|1210|00082|-|robot|	82
<13>Jun  6 14:05:03 FYP_v00 ABB-UAL:01:Log-in successful|-|UAS_UID=851976|1110|00083|-|robot|Default User	83
<13>Jun  6 14:17:34 FYP_v00 ABB-UAL:01:Control system restarted|-|restart warmstart|5150|00084|-|robot|720905	84
<13>Jun  6 15:19:10 FYP_v00 ABB-UAL:01:Log-in successful|-|UAS_UID=65537|1110|00085|-|robot|NativeUser	85
<13>Jun  6 15:19:11 FYP_v00 ABB-UAL:01:Log-in successful|-|UAS_UID=131074|1110|00086|-|robot|NativeUser	86
<13>Jun  6 15:19:12 FYP_v00 ABB-UAL:01:Log-in successful|-|UAS_UID=196611|1110|00087|-|robot|NativeUser	87
<13>Jun  6 15:19:12 FYP_v00 ABB-UAL:01:Log-in successful|-|UAS_UID=262148|1110|00088|-|robot|NativeUser	88
<13>Jun  6 15:19:12 FYP_v00 ABB-UAL:01:Log-in successful|-|UAS_UID=327685|1110|00089|-|robot|NativeUser	89
<13>Jun  6 15:19:12 FYP_v00 ABB-UAL:01:Log-in successful|-|UAS_UID=393222|1110|00090|-|robot|NativeUser	90
<13>Jun  6 15:19:14 FYP_v00 ABB-UAL:01:Log-in successful|-|UAS_UID=458759|1110|00091|-|robot|Admin	91
<13>Jun  6 15:19:23 FYP_v00 ABB-UAL:01:Log-in successful|-|UAS_UID=524296|1110|00092|-|robot|Admin	92
<13>Jun  6 15:22:52 FYP_v00 ABB-UAL:01:Log-in successful|-|UAS_UID=589833|1110|00093|-|robot|Default User	93
<13>Jun  6 15:22:52 FYP_v00 ABB-UAL:01:Log-in successful|-|UAS_UID=655370|1110|00094|-|robot|Default User	94
<13>Jun  6 15:22:52 FYP_v00 ABB-UAL:01:Log-out (user logged out)|-|UAS_UID=589833|1210|00095|-|robot|	95
<13>Jun  6 15:22:52 FYP_v00 ABB-UAL:01:Log-out (user logged out)|-|UAS_UID=655370|1210|00096|-|robot|	96
<13>Jun  6 15:22:52 FYP_v00 ABB-UAL:01:Log-in successful|-|UAS_UID=720905|1110|00097|-|robot|Default User	97
<13>Jun  6 15:22:52 FYP_v00 ABB-UAL:01:Log-in successful|-|UAS_UID=786442|1110|00098|-|robot|Default User	98
<13>Jun  6 15:28:23 FYP_v00 ABB-UAL:01:Log-out (user logged out)|-|UAS_UID=524296|1210|00099|-|robot|	99
<13>Jun  6 18:48:55 FYP_v00 ABB-UAL:01:Control system restarted|-|restart warmstart|5150|00100|-|robot|720905	100
<13>Jun  6 19:35:26 FYP_v00 ABB-UAL:01:Log-in successful|-|UAS_UID=65537|1110|00101|-|robot|NativeUser	101
<13>Jun  6 19:35:27 FYP_v00 ABB-UAL:01:Log-in successful|-|UAS_UID=131074|1110|00102|-|robot|NativeUser	102
<13>Jun  6 19:35:27 FYP_v00 ABB-UAL:01:Log-in successful|-|UAS_UID=196611|1110|00103|-|robot|NativeUser	103
<13>Jun  6 19:35:27 FYP_v00 ABB-UAL:01:Log-in successful|-|UAS_UID=262148|1110|00104|-|robot|NativeUser	104
<13>Jun  6 19:35:27 FYP_v00 ABB-UAL:01:Log-in successful|-|UAS_UID=327685|1110|00105|-|robot|NativeUser	105
<13>Jun  6 19:35:27 FYP_v00 ABB-UAL:01:Log-in successful|-|UAS_UID=393222|1110|00106|-|robot|NativeUser	106
<13>Jun  6 19:35:30 FYP_v00 ABB-UAL:01:Log-in successful|-|UAS_UID=458759|1110|00107|-|robot|Admin	107
<13>Jun  6 19:35:38 FYP_v00 ABB-UAL:01:Log-in successful|-|UAS_UID=524296|1110|00108|-|robot|Admin	108
<13>Jun  6 19:36:27 FYP_v00 ABB-UAL:01:Log-in successful|-|UAS_UID=589833|1110|00109|-|robot|Default User	109
<13>Jun  6 19:36:27 FYP_v00 ABB-UAL:01:Log-in successful|-|UAS_UID=655370|1110|00110|-|robot|Default User	110
<13>Jun  6 19:36:27 FYP_v00 ABB-UAL:01:Log-out (user logged out)|-|UAS_UID=589833|1210|00111|-|robot|	111
<13>Jun  6 19:36:27 FYP_v00 ABB-UAL:01:Log-out (user logged out)|-|UAS_UID=655370|1210|00112|-|robot|	112
<13>Jun  6 19:36:27 FYP_v00 ABB-UAL:01:Log-in successful|-|UAS_UID=720905|1110|00113|-|robot|Default User	113
<13>Jun  6 19:36:27 FYP_v00 ABB-UAL:01:Log-in successful|-|UAS_UID=786442|1110|00114|-|robot|Default User	114
<13>Jun  6 19:41:38 FYP_v00 ABB-UAL:01:Log-out (user logged out)|-|UAS_UID=524296|1210|00115|-|robot|	115
<13>Jun  6 21:08:10 FYP_v00 ABB-UAL:01:Log-out (user logged out)|-|UAS_UID=786442|1210|00116|-|robot|	116
<13>Jun  6 21:09:00 FYP_v00 ABB-UAL:01:Log-in successful|-|UAS_UID=851976|1110|00117|-|robot|Default User	117
<13>Jun  6 21:11:17 FYP_v00 ABB-UAL:01:Control system restarted|-|restart warmstart|5150|00118|-|robot|720905	118
<13>Jun  7 12:56:06 FYP_v00 ABB-UAL:01:Log-in successful|-|UAS_UID=65537|1110|00119|-|robot|NativeUser	119
<13>Jun  7 12:56:07 FYP_v00 ABB-UAL:01:Log-in successful|-|UAS_UID=131074|1110|00120|-|robot|NativeUser	120
<13>Jun  7 12:56:07 FYP_v00 ABB-UAL:01:Log-in successful|-|UAS_UID=196611|1110|00121|-|robot|NativeUser	121
<13>Jun  7 12:56:07 FYP_v00 ABB-UAL:01:Log-in successful|-|UAS_UID=262148|1110|00122|-|robot|NativeUser	122
<13>Jun  7 12:56:07 FYP_v00 ABB-UAL:01:Log-in successful|-|UAS_UID=327685|1110|00123|-|robot|NativeUser	123
<13>Jun  7 12:56:07 FYP_v00 ABB-UAL:01:Log-in successful|-|UAS_UID=393222|1110|00124|-|robot|NativeUser	124
<13>Jun  7 12:56:10 FYP_v00 ABB-UAL:01:Log-in successful|-|UAS_UID=458759|1110|00125|-|robot|Admin	125
<13>Jun  7 12:56:18 FYP_v00 ABB-UAL:01:Log-in successful|-|UAS_UID=524296|1110|00126|-|robot|Admin	126
<13>Jun  7 12:58:47 FYP_v00 ABB-UAL:01:Log-out (user logged out)|-|UAS_UID=458759|1210|00127|-|robot|	127
<13>Jun  7 12:58:47 FYP_v00 ABB-UAL:01:Log-out (user logged out)|-|Socket=7400|1210|00128|-|robot|	128
<13>Jun  7 12:58:55 FYP_v00 ABB-UAL:01:Log-in successful|-|UAS_UID=589831|1110|00129|-|robot|Admin	129
<13>Jun  7 12:58:55 FYP_v00 ABB-UAL:01:Log-in successful|-|UAS_UID=655369|1110|00130|-|robot|Admin	130
<13>Jun  7 12:59:22 FYP_v00 ABB-UAL:01:Log-in successful|-|UAS_UID=720906|1110|00131|-|robot|Default User	131
<13>Jun  7 12:59:22 FYP_v00 ABB-UAL:01:Log-in successful|-|UAS_UID=786443|1110|00132|-|robot|Default User	132
<13>Jun  7 12:59:22 FYP_v00 ABB-UAL:01:Log-out (user logged out)|-|UAS_UID=720906|1210|00133|-|robot|	133
<13>Jun  7 12:59:22 FYP_v00 ABB-UAL:01:Log-out (user logged out)|-|UAS_UID=786443|1210|00134|-|robot|	134
<13>Jun  7 12:59:22 FYP_v00 ABB-UAL:01:Log-in successful|-|UAS_UID=851978|1110|00135|-|robot|Default User	135
<13>Jun  7 12:59:22 FYP_v00 ABB-UAL:01:Log-in successful|-|UAS_UID=917515|1110|00136|-|robot|Default User	136
<13>Jun  7 13:02:18 FYP_v00 ABB-UAL:01:Log-out (user logged out)|-|UAS_UID=524296|1210|00137|-|robot|	137
<13>Jun  7 13:04:18 FYP_v00 ABB-UAL:01:Log-out (user logged out)|-|UAS_UID=655369|1210|00138|-|robot|	138
<13>Jun  7 13:10:00 FYP_v00 ABB-UAL:01:Control system restarted|-|restart warmstart|5150|00139|-|robot|851978	139
<13>Jun  7 13:10:03 FYP_v00 ABB-UAL:01:Log-in successful|-|UAS_UID=65537|1110|00140|-|robot|NativeUser	140
<13>Jun  7 13:10:04 FYP_v00 ABB-UAL:01:Log-in successful|-|UAS_UID=131074|1110|00141|-|robot|NativeUser	141
<13>Jun  7 13:10:04 FYP_v00 ABB-UAL:01:Log-in successful|-|UAS_UID=196611|1110|00142|-|robot|NativeUser	142
<13>Jun  7 13:10:04 FYP_v00 ABB-UAL:01:Log-in successful|-|UAS_UID=262148|1110|00143|-|robot|NativeUser	143
<13>Jun  7 13:10:04 FYP_v00 ABB-UAL:01:Log-in successful|-|UAS_UID=327685|1110|00144|-|robot|NativeUser	144
<13>Jun  7 13:10:04 FYP_v00 ABB-UAL:01:Log-in successful|-|UAS_UID=393222|1110|00145|-|robot|NativeUser	145
<13>Jun  7 13:10:08 FYP_v00 ABB-UAL:01:Log-in successful|-|UAS_UID=458759|1110|00146|-|robot|Default User	146
<13>Jun  7 13:10:15 FYP_v00 ABB-UAL:01:Log-in successful|-|UAS_UID=524296|1110|00147|-|robot|Default User	147
<13>Jun  7 13:10:15 FYP_v00 ABB-UAL:01:Log-in successful|-|UAS_UID=589833|1110|00148|-|robot|Default User	148
<13>Jun  7 13:10:15 FYP_v00 ABB-UAL:01:Log-in successful|-|UAS_UID=655370|1110|00149|-|robot|Default User	149
<13>Jun  7 13:16:15 FYP_v00 ABB-UAL:01:Log-out (user logged out)|-|UAS_UID=524296|1210|00150|-|robot|	150
<13>Jun  7 13:36:04 FYP_v00 ABB-UAL:01:Control system restarted|-|restart warmstart|5150|00151|-|robot|589833	151
<13>Jun  7 13:36:07 FYP_v00 ABB-UAL:01:Log-in successful|-|UAS_UID=65537|1110|00152|-|robot|NativeUser	152
<13>Jun  7 13:36:08 FYP_v00 ABB-UAL:01:Log-in successful|-|UAS_UID=131074|1110|00153|-|robot|NativeUser	153
<13>Jun  7 13:36:09 FYP_v00 ABB-UAL:01:Log-in successful|-|UAS_UID=196611|1110|00154|-|robot|NativeUser	154
<13>Jun  7 13:36:09 FYP_v00 ABB-UAL:01:Log-in successful|-|UAS_UID=262148|1110|00155|-|robot|NativeUser	155
<13>Jun  7 13:36:09 FYP_v00 ABB-UAL:01:Log-in successful|-|UAS_UID=327685|1110|00156|-|robot|NativeUser	156
<13>Jun  7 13:36:09 FYP_v00 ABB-UAL:01:Log-in successful|-|UAS_UID=393222|1110|00157|-|robot|NativeUser	157
<13>Jun  7 13:36:13 FYP_v00 ABB-UAL:01:Log-in successful|-|UAS_UID=458759|1110|00158|-|robot|Default User	158
<13>Jun  7 13:36:20 FYP_v00 ABB-UAL:01:Log-in successful|-|UAS_UID=524296|1110|00159|-|robot|Default User	159
<13>Jun  7 13:36:20 FYP_v00 ABB-UAL:01:Log-in successful|-|UAS_UID=589833|1110|00160|-|robot|Default User	160
<13>Jun  7 13:36:20 FYP_v00 ABB-UAL:01:Log-in successful|-|UAS_UID=655370|1110|00161|-|robot|Default User	161
<13>Jun  7 13:37:56 FYP_v00 ABB-UAL:01:Control system restarted|-|restart warmstart|5150|00162|-|robot|589833	162
<13>Jun  7 13:41:48 FYP_v00 ABB-UAL:01:Log-in successful|-|UAS_UID=65537|1110|00163|-|robot|NativeUser	163
<13>Jun  7 13:41:49 FYP_v00 ABB-UAL:01:Log-in successful|-|UAS_UID=131074|1110|00164|-|robot|NativeUser	164
<13>Jun  7 13:41:49 FYP_v00 ABB-UAL:01:Log-in successful|-|UAS_UID=196611|1110|00165|-|robot|NativeUser	165
<13>Jun  7 13:41:49 FYP_v00 ABB-UAL:01:Log-in successful|-|UAS_UID=262148|1110|00166|-|robot|NativeUser	166
<13>Jun  7 13:41:49 FYP_v00 ABB-UAL:01:Log-in successful|-|UAS_UID=327685|1110|00167|-|robot|NativeUser	167
<13>Jun  7 13:41:49 FYP_v00 ABB-UAL:01:Log-in successful|-|UAS_UID=393222|1110|00168|-|robot|NativeUser	168
<13>Jun  7 13:41:52 FYP_v00 ABB-UAL:01:Log-in successful|-|UAS_UID=458759|1110|00169|-|robot|Admin	169
<13>Jun  7 13:42:00 FYP_v00 ABB-UAL:01:Log-in successful|-|UAS_UID=524296|1110|00170|-|robot|Admin	170
<13>Jun  7 13:42:13 FYP_v00 ABB-UAL:01:Log-in successful|-|UAS_UID=589833|1110|00171|-|robot|Default User	171
<13>Jun  7 13:42:13 FYP_v00 ABB-UAL:01:Log-in successful|-|UAS_UID=655370|1110|00172|-|robot|Default User	172
<13>Jun  7 13:42:13 FYP_v00 ABB-UAL:01:Log-out (user logged out)|-|UAS_UID=589833|1210|00173|-|robot|	173
<13>Jun  7 13:42:13 FYP_v00 ABB-UAL:01:Log-out (user logged out)|-|UAS_UID=655370|1210|00174|-|robot|	174
<13>Jun  7 13:42:13 FYP_v00 ABB-UAL:01:Log-in successful|-|UAS_UID=720905|1110|00175|-|robot|Default User	175
<13>Jun  7 13:42:13 FYP_v00 ABB-UAL:01:Log-in successful|-|UAS_UID=786442|1110|00176|-|robot|Default User	176
<13>Jun  7 13:48:00 FYP_v00 ABB-UAL:01:Log-out (user logged out)|-|UAS_UID=524296|1210|00177|-|robot|	177
<13>Jun  7 14:28:40 FYP_v00 ABB-UAL:01:Control system restarted|-|restart warmstart|5150|00178|-|robot|720905	178
<13>Jun  7 14:33:50 FYP_v00 ABB-UAL:01:Log-in successful|-|UAS_UID=65537|1110|00179|-|robot|NativeUser	179
<13>Jun  7 14:33:51 FYP_v00 ABB-UAL:01:Log-in successful|-|UAS_UID=131074|1110|00180|-|robot|NativeUser	180
<13>Jun  7 14:33:51 FYP_v00 ABB-UAL:01:Log-in successful|-|UAS_UID=196611|1110|00181|-|robot|NativeUser	181
<13>Jun  7 14:33:51 FYP_v00 ABB-UAL:01:Log-in successful|-|UAS_UID=262148|1110|00182|-|robot|NativeUser	182
<13>Jun  7 14:33:51 FYP_v00 ABB-UAL:01:Log-in successful|-|UAS_UID=327685|1110|00183|-|robot|NativeUser	183
<13>Jun  7 14:33:51 FYP_v00 ABB-UAL:01:Log-in successful|-|UAS_UID=393222|1110|00184|-|robot|NativeUser	184
<13>Jun  7 14:33:54 FYP_v00 ABB-UAL:01:Log-in successful|-|UAS_UID=458759|1110|00185|-|robot|Admin	185
<13>Jun  7 14:34:02 FYP_v00 ABB-UAL:01:Log-in successful|-|UAS_UID=524296|1110|00186|-|robot|Admin	186
<13>Jun  7 14:35:31 FYP_v00 ABB-UAL:01:Log-out (user logged out)|-|UAS_UID=458759|1210|00187|-|robot|	187
<13>Jun  7 14:35:31 FYP_v00 ABB-UAL:01:Log-out (user logged out)|-|Socket=7400|1210|00188|-|robot|	188
<13>Jun  7 14:35:55 FYP_v00 ABB-UAL:01:Log-in successful|-|UAS_UID=65537|1110|00189|-|robot|NativeUser	189
<13>Jun  7 14:35:55 FYP_v00 ABB-UAL:01:Log-in successful|-|UAS_UID=131074|1110|00190|-|robot|NativeUser	190
<13>Jun  7 14:35:56 FYP_v00 ABB-UAL:01:Log-in successful|-|UAS_UID=196611|1110|00191|-|robot|NativeUser	191
<13>Jun  7 14:35:56 FYP_v00 ABB-UAL:01:Log-in successful|-|UAS_UID=262148|1110|00192|-|robot|NativeUser	192
<13>Jun  7 14:35:56 FYP_v00 ABB-UAL:01:Log-in successful|-|UAS_UID=327685|1110|00193|-|robot|NativeUser	193
<13>Jun  7 14:35:56 FYP_v00 ABB-UAL:01:Log-in successful|-|UAS_UID=393222|1110|00194|-|robot|NativeUser	194
<13>Jun  7 14:35:59 FYP_v00 ABB-UAL:01:Log-in successful|-|UAS_UID=458759|1110|00195|-|robot|Admin	195
<13>Jun  7 14:36:07 FYP_v00 ABB-UAL:01:Log-in successful|-|UAS_UID=524296|1110|00196|-|robot|Admin	196
<13>Jun  7 14:36:18 FYP_v00 ABB-UAL:01:Log-in successful|-|UAS_UID=589833|1110|00197|-|robot|Default User	197
<13>Jun  7 14:36:18 FYP_v00 ABB-UAL:01:Log-in successful|-|UAS_UID=655370|1110|00198|-|robot|Default User	198
<13>Jun  7 14:36:18 FYP_v00 ABB-UAL:01:Log-out (user logged out)|-|UAS_UID=589833|1210|00199|-|robot|	199
<13>Jun  7 14:36:18 FYP_v00 ABB-UAL:01:Log-out (user logged out)|-|UAS_UID=655370|1210|00200|-|robot|	200
<13>Jun  7 14:36:18 FYP_v00 ABB-UAL:01:Log-in successful|-|UAS_UID=720905|1110|00201|-|robot|Default User	201
<13>Jun  7 14:36:18 FYP_v00 ABB-UAL:01:Log-in successful|-|UAS_UID=786442|1110|00202|-|robot|Default User	202
<13>Jun  7 14:42:07 FYP_v00 ABB-UAL:01:Log-out (user logged out)|-|UAS_UID=524296|1210|00203|-|robot|	203
<13>Jun  7 15:00:22 FYP_v00 ABB-UAL:01:Control system restarted|-|restart warmstart|5150|00204|-|robot|720905	204
<13>Jun  7 15:00:26 FYP_v00 ABB-UAL:01:Log-in successful|-|UAS_UID=65537|1110|00205|-|robot|NativeUser	205
<13>Jun  7 15:00:26 FYP_v00 ABB-UAL:01:Log-in successful|-|UAS_UID=131074|1110|00206|-|robot|NativeUser	206
<13>Jun  7 15:00:27 FYP_v00 ABB-UAL:01:Log-in successful|-|UAS_UID=196611|1110|00207|-|robot|NativeUser	207
<13>Jun  7 15:00:27 FYP_v00 ABB-UAL:01:Log-in successful|-|UAS_UID=262148|1110|00208|-|robot|NativeUser	208
<13>Jun  7 15:00:27 FYP_v00 ABB-UAL:01:Log-in successful|-|UAS_UID=327685|1110|00209|-|robot|NativeUser	209
<13>Jun  7 15:00:27 FYP_v00 ABB-UAL:01:Log-in successful|-|UAS_UID=393222|1110|00210|-|robot|NativeUser	210
<13>Jun  7 15:00:31 FYP_v00 ABB-UAL:01:Log-in successful|-|UAS_UID=458759|1110|00211|-|robot|Default User	211
<13>Jun  7 15:00:38 FYP_v00 ABB-UAL:01:Log-in successful|-|UAS_UID=524296|1110|00212|-|robot|Default User	212
<13>Jun  7 15:00:38 FYP_v00 ABB-UAL:01:Log-in successful|-|UAS_UID=589833|1110|00213|-|robot|Default User	213
<13>Jun  7 15:00:38 FYP_v00 ABB-UAL:01:Log-in successful|-|UAS_UID=655370|1110|00214|-|robot|Default User	214
<13>Jun  7 15:06:38 FYP_v00 ABB-UAL:01:Log-out (user logged out)|-|UAS_UID=524296|1210|00215|-|robot|	215
<13>Jun  7 15:07:38 FYP_v00 ABB-UAL:01:Control system restarted|-|restart warmstart|5150|00216|-|robot|589833	216
<13>Jun  7 15:07:41 FYP_v00 ABB-UAL:01:Log-in successful|-|UAS_UID=65537|1110|00217|-|robot|NativeUser	217
<13>Jun  7 15:07:42 FYP_v00 ABB-UAL:01:Log-in successful|-|UAS_UID=131074|1110|00218|-|robot|NativeUser	218
<13>Jun  7 15:07:42 FYP_v00 ABB-UAL:01:Log-in successful|-|UAS_UID=196611|1110|00219|-|robot|NativeUser	219
<13>Jun  7 15:07:42 FYP_v00 ABB-UAL:01:Log-in successful|-|UAS_UID=262148|1110|00220|-|robot|NativeUser	220
<13>Jun  7 15:07:42 FYP_v00 ABB-UAL:01:Log-in successful|-|UAS_UID=327685|1110|00221|-|robot|NativeUser	221
<13>Jun  7 15:07:42 FYP_v00 ABB-UAL:01:Log-in successful|-|UAS_UID=393222|1110|00222|-|robot|NativeUser	222
<13>Jun  7 15:07:47 FYP_v00 ABB-UAL:01:Log-in successful|-|UAS_UID=458759|1110|00223|-|robot|Default User	223
<13>Jun  7 15:07:53 FYP_v00 ABB-UAL:01:Log-in successful|-|UAS_UID=524296|1110|00224|-|robot|Default User	224
<13>Jun  7 15:07:53 FYP_v00 ABB-UAL:01:Log-in successful|-|UAS_UID=589833|1110|00225|-|robot|Default User	225
<13>Jun  7 15:07:53 FYP_v00 ABB-UAL:01:Log-in successful|-|UAS_UID=655370|1110|00226|-|robot|Default User	226
<13>Jun  7 15:09:02 FYP_v00 ABB-UAL:01:Log-out (user logged out)|-|UAS_UID=458759|1210|00227|-|robot|	227
<13>Jun  7 15:09:02 FYP_v00 ABB-UAL:01:Log-out (user logged out)|-|UAS_UID=589833|1210|00228|-|robot|	228
<13>Jun  7 15:09:02 FYP_v00 ABB-UAL:01:Log-out (user logged out)|-|Socket=7400|1210|00229|-|robot|	229
<13>Jun  7 15:21:17 FYP_v00 ABB-UAL:01:Log-in successful|-|UAS_UID=65537|1110|00230|-|robot|NativeUser	230
<13>Jun  7 15:21:18 FYP_v00 ABB-UAL:01:Log-in successful|-|UAS_UID=131074|1110|00231|-|robot|NativeUser	231
<13>Jun  7 15:21:18 FYP_v00 ABB-UAL:01:Log-in successful|-|UAS_UID=196611|1110|00232|-|robot|NativeUser	232
<13>Jun  7 15:21:18 FYP_v00 ABB-UAL:01:Log-in successful|-|UAS_UID=262148|1110|00233|-|robot|NativeUser	233
<13>Jun  7 15:21:18 FYP_v00 ABB-UAL:01:Log-in successful|-|UAS_UID=327685|1110|00234|-|robot|NativeUser	234
<13>Jun  7 15:21:18 FYP_v00 ABB-UAL:01:Log-in successful|-|UAS_UID=393222|1110|00235|-|robot|NativeUser	235
<13>Jun  7 15:21:21 FYP_v00 ABB-UAL:01:Log-in successful|-|UAS_UID=458759|1110|00236|-|robot|Admin	236
<13>Jun  7 15:21:29 FYP_v00 ABB-UAL:01:Log-in successful|-|UAS_UID=524296|1110|00237|-|robot|Admin	237
<13>Jun  7 15:22:06 FYP_v00 ABB-UAL:01:Log-in successful|-|UAS_UID=589833|1110|00238|-|robot|Default User	238
<13>Jun  7 15:22:06 FYP_v00 ABB-UAL:01:Log-in successful|-|UAS_UID=655370|1110|00239|-|robot|Default User	239
<13>Jun  7 15:22:06 FYP_v00 ABB-UAL:01:Log-out (user logged out)|-|UAS_UID=589833|1210|00240|-|robot|	240
<13>Jun  7 15:22:06 FYP_v00 ABB-UAL:01:Log-out (user logged out)|-|UAS_UID=655370|1210|00241|-|robot|	241
<13>Jun  7 15:22:06 FYP_v00 ABB-UAL:01:Log-in successful|-|UAS_UID=720905|1110|00242|-|robot|Default User	242
<13>Jun  7 15:22:06 FYP_v00 ABB-UAL:01:Log-in successful|-|UAS_UID=786442|1110|00243|-|robot|Default User	243
<13>Jun  7 15:27:29 FYP_v00 ABB-UAL:01:Log-out (user logged out)|-|UAS_UID=524296|1210|00244|-|robot|	244
<13>Jun  7 15:37:05 FYP_v00 ABB-UAL:01:Control system restarted|-|restart warmstart|5150|00245|-|robot|720905	245
<13>Jun  7 15:37:09 FYP_v00 ABB-UAL:01:Log-in successful|-|UAS_UID=65537|1110|00246|-|robot|NativeUser	246
<13>Jun  7 15:37:09 FYP_v00 ABB-UAL:01:Log-in successful|-|UAS_UID=131074|1110|00247|-|robot|NativeUser	247
<13>Jun  7 15:37:10 FYP_v00 ABB-UAL:01:Log-in successful|-|UAS_UID=196611|1110|00248|-|robot|NativeUser	248
<13>Jun  7 15:37:10 FYP_v00 ABB-UAL:01:Log-in successful|-|UAS_UID=262148|1110|00249|-|robot|NativeUser	249
<13>Jun  7 15:37:10 FYP_v00 ABB-UAL:01:Log-in successful|-|UAS_UID=327685|1110|00250|-|robot|NativeUser	250
<13>Jun  7 15:37:10 FYP_v00 ABB-UAL:01:Log-in successful|-|UAS_UID=393222|1110|00251|-|robot|NativeUser	251
<13>Jun  7 15:37:15 FYP_v00 ABB-UAL:01:Log-in successful|-|UAS_UID=458759|1110|00252|-|robot|Default User	252
<13>Jun  7 15:37:21 FYP_v00 ABB-UAL:01:Log-in successful|-|UAS_UID=524296|1110|00253|-|robot|Default User	253
<13>Jun  7 15:37:21 FYP_v00 ABB-UAL:01:Log-in successful|-|UAS_UID=589833|1110|00254|-|robot|Default User	254
<13>Jun  7 15:37:21 FYP_v00 ABB-UAL:01:Log-in successful|-|UAS_UID=655370|1110|00255|-|robot|Default User	255
<13>Jun  7 15:38:20 FYP_v00 ABB-UAL:01:Log-out (user logged out)|-|UAS_UID=458759|1210|00256|-|robot|	256
<13>Jun  7 15:38:20 FYP_v00 ABB-UAL:01:Log-out (user logged out)|-|UAS_UID=589833|1210|00257|-|robot|	257
<13>Jun  7 15:38:20 FYP_v00 ABB-UAL:01:Log-out (user logged out)|-|Socket=7396|1210|00258|-|robot|	258
<13>Jun  7 15:38:30 FYP_v00 ABB-UAL:01:Log-in successful|-|UAS_UID=65537|1110|00259|-|robot|NativeUser	259
<13>Jun  7 15:38:30 FYP_v00 ABB-UAL:01:Log-in successful|-|UAS_UID=131074|1110|00260|-|robot|NativeUser	260
<13>Jun  7 15:38:31 FYP_v00 ABB-UAL:01:Log-in successful|-|UAS_UID=196611|1110|00261|-|robot|NativeUser	261
<13>Jun  7 15:38:31 FYP_v00 ABB-UAL:01:Log-in successful|-|UAS_UID=262148|1110|00262|-|robot|NativeUser	262
<13>Jun  7 15:38:31 FYP_v00 ABB-UAL:01:Log-in successful|-|UAS_UID=327685|1110|00263|-|robot|NativeUser	263
<13>Jun  7 15:38:31 FYP_v00 ABB-UAL:01:Log-in successful|-|UAS_UID=393222|1110|00264|-|robot|NativeUser	264
<13>Jun  7 15:39:05 FYP_v00 ABB-UAL:01:Log-in successful|-|UAS_UID=458759|1110|00265|-|robot|Admin	265
<13>Jun  7 15:39:05 FYP_v00 ABB-UAL:01:Log-in successful|-|UAS_UID=524296|1110|00266|-|robot|Admin	266
<13>Jun  7 15:39:34 FYP_v00 ABB-UAL:01:Log-in successful|-|UAS_UID=589833|1110|00267|-|robot|Default User	267
<13>Jun  7 15:39:34 FYP_v00 ABB-UAL:01:Log-in successful|-|UAS_UID=655370|1110|00268|-|robot|Default User	268
<13>Jun  7 15:39:34 FYP_v00 ABB-UAL:01:Log-out (user logged out)|-|UAS_UID=589833|1210|00269|-|robot|	269
<13>Jun  7 15:39:34 FYP_v00 ABB-UAL:01:Log-out (user logged out)|-|UAS_UID=655370|1210|00270|-|robot|	270
<13>Jun  7 15:39:34 FYP_v00 ABB-UAL:01:Log-in successful|-|UAS_UID=720905|1110|00271|-|robot|Default User	271
<13>Jun  7 15:39:34 FYP_v00 ABB-UAL:01:Log-in successful|-|UAS_UID=786442|1110|00272|-|robot|Default User	272
<13>Jun  7 15:45:05 FYP_v00 ABB-UAL:01:Log-out (user logged out)|-|UAS_UID=524296|1210|00273|-|robot|	273
<13>Jun  7 16:15:11 FYP_v00 ABB-UAL:01:Control system restarted|-|restart warmstart|5150|00274|-|robot|720905	274
<13>Jun  7 16:15:15 FYP_v00 ABB-UAL:01:Log-in successful|-|UAS_UID=65537|1110|00275|-|robot|NativeUser	275
<13>Jun  7 16:15:16 FYP_v00 ABB-UAL:01:Log-in successful|-|UAS_UID=131074|1110|00276|-|robot|NativeUser	276
<13>Jun  7 16:15:16 FYP_v00 ABB-UAL:01:Log-in successful|-|UAS_UID=196611|1110|00277|-|robot|NativeUser	277
<13>Jun  7 16:15:16 FYP_v00 ABB-UAL:01:Log-in successful|-|UAS_UID=262148|1110|00278|-|robot|NativeUser	278
<13>Jun  7 16:15:16 FYP_v00 ABB-UAL:01:Log-in successful|-|UAS_UID=327685|1110|00279|-|robot|NativeUser	279
<13>Jun  7 16:15:16 FYP_v00 ABB-UAL:01:Log-in successful|-|UAS_UID=393222|1110|00280|-|robot|NativeUser	280
<13>Jun  7 16:15:21 FYP_v00 ABB-UAL:01:Log-in successful|-|UAS_UID=458759|1110|00281|-|robot|Default User	281
<13>Jun  7 16:15:27 FYP_v00 ABB-UAL:01:Log-in successful|-|UAS_UID=524296|1110|00282|-|robot|Default User	282
<13>Jun  7 16:15:27 FYP_v00 ABB-UAL:01:Log-in successful|-|UAS_UID=589833|1110|00283|-|robot|Default User	283
<13>Jun  7 16:15:27 FYP_v00 ABB-UAL:01:Log-in successful|-|UAS_UID=655370|1110|00284|-|robot|Default User	284
<13>Jun  7 16:16:39 FYP_v00 ABB-UAL:01:Log-out (user logged out)|-|UAS_UID=655370|1210|00285|-|robot|	285
<13>Jun  7 16:16:39 FYP_v00 ABB-UAL:01:Log-out (user logged out)|-|UAS_UID=589833|1210|00286|-|robot|	286
<13>Jun  7 16:16:39 FYP_v00 ABB-UAL:01:Log-out (user logged out)|-|UAS_UID=458759|1210|00287|-|robot|	287
<13>Jun  7 16:16:39 FYP_v00 ABB-UAL:01:Log-out (user logged out)|-|Socket=7396|1210|00288|-|robot|	288
<13>Jun  7 16:18:17 FYP_v00 ABB-UAL:01:Log-in successful|-|UAS_UID=65537|1110|00289|-|robot|NativeUser	289
<13>Jun  7 16:18:18 FYP_v00 ABB-UAL:01:Log-in successful|-|UAS_UID=131074|1110|00290|-|robot|NativeUser	290
<13>Jun  7 16:18:18 FYP_v00 ABB-UAL:01:Log-in successful|-|UAS_UID=196611|1110|00291|-|robot|NativeUser	291
<13>Jun  7 16:18:18 FYP_v00 ABB-UAL:01:Log-in successful|-|UAS_UID=262148|1110|00292|-|robot|NativeUser	292
<13>Jun  7 16:18:18 FYP_v00 ABB-UAL:01:Log-in successful|-|UAS_UID=327685|1110|00293|-|robot|NativeUser	293
<13>Jun  7 16:18:18 FYP_v00 ABB-UAL:01:Log-in successful|-|UAS_UID=393222|1110|00294|-|robot|NativeUser	294
<13>Jun  7 16:18:21 FYP_v00 ABB-UAL:01:Log-in successful|-|UAS_UID=458759|1110|00295|-|robot|Admin	295
<13>Jun  7 16:18:29 FYP_v00 ABB-UAL:01:Log-in successful|-|UAS_UID=524296|1110|00296|-|robot|Admin	296
<13>Jun  7 16:18:45 FYP_v00 ABB-UAL:01:Log-in successful|-|UAS_UID=589833|1110|00297|-|robot|Default User	297
<13>Jun  7 16:18:45 FYP_v00 ABB-UAL:01:Log-in successful|-|UAS_UID=655370|1110|00298|-|robot|Default User	298
<13>Jun  7 16:18:45 FYP_v00 ABB-UAL:01:Log-out (user logged out)|-|UAS_UID=589833|1210|00299|-|robot|	299
<13>Jun  7 16:18:45 FYP_v00 ABB-UAL:01:Log-out (user logged out)|-|UAS_UID=655370|1210|00300|-|robot|	300
<13>Jun  7 16:18:45 FYP_v00 ABB-UAL:01:Log-in successful|-|UAS_UID=720905|1110|00301|-|robot|Default User	301
<13>Jun  7 16:18:45 FYP_v00 ABB-UAL:01:Log-in successful|-|UAS_UID=786442|1110|00302|-|robot|Default User	302
<13>Jun  7 16:24:29 FYP_v00 ABB-UAL:01:Log-out (user logged out)|-|UAS_UID=524296|1210|00303|-|robot|	303
<13>Jun  7 16:49:25 FYP_v00 ABB-UAL:01:Control system restarted|-|restart warmstart|5150|00304|-|robot|720905	304
<13>Jun  7 16:49:29 FYP_v00 ABB-UAL:01:Log-in successful|-|UAS_UID=65537|1110|00305|-|robot|NativeUser	305
<13>Jun  7 16:49:29 FYP_v00 ABB-UAL:01:Log-in successful|-|UAS_UID=131074|1110|00306|-|robot|NativeUser	306
<13>Jun  7 16:49:30 FYP_v00 ABB-UAL:01:Log-in successful|-|UAS_UID=196611|1110|00307|-|robot|NativeUser	307
<13>Jun  7 16:49:30 FYP_v00 ABB-UAL:01:Log-in successful|-|UAS_UID=262148|1110|00308|-|robot|NativeUser	308
<13>Jun  7 16:49:30 FYP_v00 ABB-UAL:01:Log-in successful|-|UAS_UID=327685|1110|00309|-|robot|NativeUser	309
<13>Jun  7 16:49:30 FYP_v00 ABB-UAL:01:Log-in successful|-|UAS_UID=393222|1110|00310|-|robot|NativeUser	310
<13>Jun  7 16:49:34 FYP_v00 ABB-UAL:01:Log-in successful|-|UAS_UID=458759|1110|00311|-|robot|Default User	311
<13>Jun  7 16:49:41 FYP_v00 ABB-UAL:01:Log-in successful|-|UAS_UID=524296|1110|00312|-|robot|Default User	312
<13>Jun  7 16:49:41 FYP_v00 ABB-UAL:01:Log-in successful|-|UAS_UID=589833|1110|00313|-|robot|Default User	313
<13>Jun  7 16:49:41 FYP_v00 ABB-UAL:01:Log-in successful|-|UAS_UID=655370|1110|00314|-|robot|Default User	314
<13>Jun  7 16:51:55 FYP_v00 ABB-UAL:01:Log-in successful|-|UAS_UID=65537|1110|00315|-|robot|NativeUser	315
<13>Jun  7 16:51:55 FYP_v00 ABB-UAL:01:Log-in successful|-|UAS_UID=131074|1110|00316|-|robot|NativeUser	316
<13>Jun  7 16:51:56 FYP_v00 ABB-UAL:01:Log-in successful|-|UAS_UID=196611|1110|00317|-|robot|NativeUser	317
<13>Jun  7 16:51:56 FYP_v00 ABB-UAL:01:Log-in successful|-|UAS_UID=262148|1110|00318|-|robot|NativeUser	318
<13>Jun  7 16:51:56 FYP_v00 ABB-UAL:01:Log-in successful|-|UAS_UID=327685|1110|00319|-|robot|NativeUser	319
<13>Jun  7 16:51:56 FYP_v00 ABB-UAL:01:Log-in successful|-|UAS_UID=393222|1110|00320|-|robot|NativeUser	320
<13>Jun  7 16:52:06 FYP_v00 ABB-UAL:01:Log-in successful|-|UAS_UID=458759|1110|00321|-|robot|Admin	321
<13>Jun  7 16:52:07 FYP_v00 ABB-UAL:01:Log-in successful|-|UAS_UID=524296|1110|00322|-|robot|Admin	322
<13>Jun  7 16:52:21 FYP_v00 ABB-UAL:01:Log-in successful|-|UAS_UID=589833|1110|00323|-|robot|Default User	323
<13>Jun  7 16:52:21 FYP_v00 ABB-UAL:01:Log-in successful|-|UAS_UID=655370|1110|00324|-|robot|Default User	324
<13>Jun  7 16:52:21 FYP_v00 ABB-UAL:01:Log-out (user logged out)|-|UAS_UID=589833|1210|00325|-|robot|	325
<13>Jun  7 16:52:21 FYP_v00 ABB-UAL:01:Log-out (user logged out)|-|UAS_UID=655370|1210|00326|-|robot|	326
<13>Jun  7 16:52:21 FYP_v00 ABB-UAL:01:Log-in successful|-|UAS_UID=720905|1110|00327|-|robot|Default User	327
<13>Jun  7 16:52:21 FYP_v00 ABB-UAL:01:Log-in successful|-|UAS_UID=786442|1110|00328|-|robot|Default User	328
<13>Jun  7 16:58:07 FYP_v00 ABB-UAL:01:Log-out (user logged out)|-|UAS_UID=524296|1210|00329|-|robot|	329
<13>Jun  7 17:17:34 FYP_v00 ABB-UAL:01:Log-out (user logged out)|-|UAS_UID=458759|1210|00330|-|robot|	330
<13>Jun  7 17:17:34 FYP_v00 ABB-UAL:01:Log-out (user logged out)|-|UAS_UID=720905|1210|00331|-|robot|	331
<13>Jun  7 17:17:34 FYP_v00 ABB-UAL:01:Log-out (user logged out)|-|Socket=7400|1210|00332|-|robot|	332
<13>Jun  8 09:49:51 FYP_v00 ABB-UAL:01:Log-in successful|-|UAS_UID=65537|1110|00333|-|robot|NativeUser	333
<13>Jun  8 09:49:51 FYP_v00 ABB-UAL:01:Log-in successful|-|UAS_UID=131074|1110|00334|-|robot|NativeUser	334
<13>Jun  8 09:49:52 FYP_v00 ABB-UAL:01:Log-in successful|-|UAS_UID=196611|1110|00335|-|robot|NativeUser	335
<13>Jun  8 09:49:52 FYP_v00 ABB-UAL:01:Log-in successful|-|UAS_UID=262148|1110|00336|-|robot|NativeUser	336
<13>Jun  8 09:49:52 FYP_v00 ABB-UAL:01:Log-in successful|-|UAS_UID=327685|1110|00337|-|robot|NativeUser	337
<13>Jun  8 09:49:52 FYP_v00 ABB-UAL:01:Log-in successful|-|UAS_UID=393222|1110|00338|-|robot|NativeUser	338
<13>Jun  8 09:49:55 FYP_v00 ABB-UAL:01:Log-in successful|-|UAS_UID=458759|1110|00339|-|robot|Admin	339
<13>Jun  8 09:50:03 FYP_v00 ABB-UAL:01:Log-in successful|-|UAS_UID=524296|1110|00340|-|robot|Admin	340
<13>Jun  8 09:50:45 FYP_v00 ABB-UAL:01:Log-in successful|-|UAS_UID=589833|1110|00341|-|robot|Default User	341
<13>Jun  8 09:50:45 FYP_v00 ABB-UAL:01:Log-in successful|-|UAS_UID=655370|1110|00342|-|robot|Default User	342
<13>Jun  8 09:50:45 FYP_v00 ABB-UAL:01:Log-out (user logged out)|-|UAS_UID=589833|1210|00343|-|robot|	343
<13>Jun  8 09:50:45 FYP_v00 ABB-UAL:01:Log-out (user logged out)|-|UAS_UID=655370|1210|00344|-|robot|	344
<13>Jun  8 09:50:45 FYP_v00 ABB-UAL:01:Log-in successful|-|UAS_UID=720905|1110|00345|-|robot|Default User	345
<13>Jun  8 09:50:45 FYP_v00 ABB-UAL:01:Log-in successful|-|UAS_UID=786442|1110|00346|-|robot|Default User	346
<13>Jun  8 09:56:03 FYP_v00 ABB-UAL:01:Log-out (user logged out)|-|UAS_UID=524296|1210|00347|-|robot|	347
<13>Jun  8 10:08:03 FYP_v00 ABB-UAL:01:Control system restarted|-|restart warmstart|5150|00348|-|robot|720905	348
<13>Jun  8 10:08:06 FYP_v00 ABB-UAL:01:Log-in successful|-|UAS_UID=65537|1110|00349|-|robot|NativeUser	349
<13>Jun  8 10:08:07 FYP_v00 ABB-UAL:01:Log-in successful|-|UAS_UID=131074|1110|00350|-|robot|NativeUser	350
<13>Jun  8 10:08:08 FYP_v00 ABB-UAL:01:Log-in successful|-|UAS_UID=196611|1110|00351|-|robot|NativeUser	351
<13>Jun  8 10:08:08 FYP_v00 ABB-UAL:01:Log-in successful|-|UAS_UID=262148|1110|00352|-|robot|NativeUser	352
<13>Jun  8 10:08:08 FYP_v00 ABB-UAL:01:Log-in successful|-|UAS_UID=327685|1110|00353|-|robot|NativeUser	353
<13>Jun  8 10:08:08 FYP_v00 ABB-UAL:01:Log-in successful|-|UAS_UID=393222|1110|00354|-|robot|NativeUser	354
<13>Jun  8 10:08:12 FYP_v00 ABB-UAL:01:Log-in successful|-|UAS_UID=458759|1110|00355|-|robot|Default User	355
<13>Jun  8 10:08:19 FYP_v00 ABB-UAL:01:Log-in successful|-|UAS_UID=524296|1110|00356|-|robot|Default User	356
<13>Jun  8 10:08:19 FYP_v00 ABB-UAL:01:Log-in successful|-|UAS_UID=589833|1110|00357|-|robot|Default User	357
<13>Jun  8 10:08:19 FYP_v00 ABB-UAL:01:Log-in successful|-|UAS_UID=655370|1110|00358|-|robot|Default User	358
<13>Jun  8 10:14:19 FYP_v00 ABB-UAL:01:Log-out (user logged out)|-|UAS_UID=524296|1210|00359|-|robot|	359
<13>Jun  8 10:42:50 FYP_v00 ABB-UAL:01:Control system restarted|-|restart warmstart|5150|00360|-|robot|589833	360
<13>Jun  8 10:42:54 FYP_v00 ABB-UAL:01:Log-in successful|-|UAS_UID=65537|1110|00361|-|robot|NativeUser	361
<13>Jun  8 10:42:54 FYP_v00 ABB-UAL:01:Log-in successful|-|UAS_UID=131074|1110|00362|-|robot|NativeUser	362
<13>Jun  8 10:42:55 FYP_v00 ABB-UAL:01:Log-in successful|-|UAS_UID=196611|1110|00363|-|robot|NativeUser	363
<13>Jun  8 10:42:55 FYP_v00 ABB-UAL:01:Log-in successful|-|UAS_UID=262148|1110|00364|-|robot|NativeUser	364
<13>Jun  8 10:42:55 FYP_v00 ABB-UAL:01:Log-in successful|-|UAS_UID=327685|1110|00365|-|robot|NativeUser	365
<13>Jun  8 10:42:55 FYP_v00 ABB-UAL:01:Log-in successful|-|UAS_UID=393222|1110|00366|-|robot|NativeUser	366
<13>Jun  8 10:42:59 FYP_v00 ABB-UAL:01:Log-in successful|-|UAS_UID=458759|1110|00367|-|robot|Default User	367
<13>Jun  8 10:43:06 FYP_v00 ABB-UAL:01:Log-in successful|-|UAS_UID=524296|1110|00368|-|robot|Default User	368
<13>Jun  8 10:43:06 FYP_v00 ABB-UAL:01:Log-in successful|-|UAS_UID=589833|1110|00369|-|robot|Default User	369
<13>Jun  8 10:43:06 FYP_v00 ABB-UAL:01:Log-in successful|-|UAS_UID=655370|1110|00370|-|robot|Default User	370
<13>Jun 10 14:35:05 FYP_v00 ABB-UAL:01:Log-in successful|-|UAS_UID=65537|1110|00371|-|robot|NativeUser	371
<13>Jun 10 14:35:06 FYP_v00 ABB-UAL:01:Log-in successful|-|UAS_UID=131074|1110|00372|-|robot|NativeUser	372
<13>Jun 10 14:35:06 FYP_v00 ABB-UAL:01:Log-in successful|-|UAS_UID=196611|1110|00373|-|robot|NativeUser	373
<13>Jun 10 14:35:06 FYP_v00 ABB-UAL:01:Log-in successful|-|UAS_UID=262148|1110|00374|-|robot|NativeUser	374
<13>Jun 10 14:35:06 FYP_v00 ABB-UAL:01:Log-in successful|-|UAS_UID=327685|1110|00375|-|robot|NativeUser	375
<13>Jun 10 14:35:06 FYP_v00 ABB-UAL:01:Log-in successful|-|UAS_UID=393222|1110|00376|-|robot|NativeUser	376
<13>Jun 10 14:35:09 FYP_v00 ABB-UAL:01:Log-in successful|-|UAS_UID=458759|1110|00377|-|robot|Admin	377
<13>Jun 10 14:35:17 FYP_v00 ABB-UAL:01:Log-in successful|-|UAS_UID=524296|1110|00378|-|robot|Admin	378
<13>Jun 10 14:38:33 FYP_v00 ABB-UAL:01:Log-in successful|-|UAS_UID=589833|1110|00379|-|robot|Default User	379
<13>Jun 10 14:38:33 FYP_v00 ABB-UAL:01:Log-in successful|-|UAS_UID=655370|1110|00380|-|robot|Default User	380
<13>Jun 10 14:38:33 FYP_v00 ABB-UAL:01:Log-out (user logged out)|-|UAS_UID=589833|1210|00381|-|robot|	381
<13>Jun 10 14:38:33 FYP_v00 ABB-UAL:01:Log-out (user logged out)|-|UAS_UID=655370|1210|00382|-|robot|	382
<13>Jun 10 14:38:33 FYP_v00 ABB-UAL:01:Log-in successful|-|UAS_UID=720905|1110|00383|-|robot|Default User	383
<13>Jun 10 14:38:33 FYP_v00 ABB-UAL:01:Log-in successful|-|UAS_UID=786442|1110|00384|-|robot|Default User	384
<13>Jun 10 14:44:17 FYP_v00 ABB-UAL:01:Log-out (user logged out)|-|UAS_UID=524296|1210|00385|-|robot|	385
<13>Jun 10 17:10:28 FYP_v00 ABB-UAL:01:Log-out (user logged out)|-|UAS_UID=786442|1210|00386|-|robot|	386
<13>Jun 10 17:10:52 FYP_v00 ABB-UAL:01:Log-in successful|-|UAS_UID=851976|1110|00387|-|robot|Default User	387
<13>Jun 10 17:20:55 FYP_v00 ABB-UAL:01:Log-out (user logged out)|-|UAS_UID=851976|1210|00388|-|robot|	388
<13>Jun 10 17:20:55 FYP_v00 ABB-UAL:01:Log-out (user logged out)|-|UAS_UID=720905|1210|00389|-|robot|	389
<13>Jun 10 17:20:55 FYP_v00 ABB-UAL:01:Log-out (user logged out)|-|UAS_UID=458759|1210|00390|-|robot|	390
<13>Jun 10 17:20:55 FYP_v00 ABB-UAL:01:Log-out (user logged out)|-|Socket=7396|1210|00391|-|robot|	391
<13>Jun 10 17:20:58 FYP_v00 ABB-UAL:01:Log-in successful|-|UAS_UID=65537|1110|00392|-|robot|NativeUser	392
<13>Jun 10 17:20:59 FYP_v00 ABB-UAL:01:Log-in successful|-|UAS_UID=131074|1110|00393|-|robot|NativeUser	393
<13>Jun 10 17:21:00 FYP_v00 ABB-UAL:01:Log-in successful|-|UAS_UID=196611|1110|00394|-|robot|NativeUser	394
<13>Jun 10 17:21:00 FYP_v00 ABB-UAL:01:Log-in successful|-|UAS_UID=262148|1110|00395|-|robot|NativeUser	395
<13>Jun 10 17:21:00 FYP_v00 ABB-UAL:01:Log-in successful|-|UAS_UID=327685|1110|00396|-|robot|NativeUser	396
<13>Jun 10 17:21:00 FYP_v00 ABB-UAL:01:Log-in successful|-|UAS_UID=393222|1110|00397|-|robot|NativeUser	397
<13>Jun 10 17:21:02 FYP_v00 ABB-UAL:01:Log-in successful|-|UAS_UID=458759|1110|00398|-|robot|Admin	398
<13>Jun 10 17:21:10 FYP_v00 ABB-UAL:01:Log-in successful|-|UAS_UID=524296|1110|00399|-|robot|Admin	399
<13>Jun 10 17:21:14 FYP_v00 ABB-UAL:01:Log-out (user logged out)|-|UAS_UID=524296|1210|00400|-|robot|	400
<13>Jun 10 17:21:14 FYP_v00 ABB-UAL:01:Log-out (user logged out)|-|UAS_UID=458759|1210|00401|-|robot|	401
<13>Jun 10 17:21:14 FYP_v00 ABB-UAL:01:Log-out (user logged out)|-|Socket=7400|1210|00402|-|robot|	402
<13>Jun 11 10:26:38 FYP_v00 ABB-UAL:01:Log-in successful|-|UAS_UID=65537|1110|00403|-|robot|NativeUser	403
<13>Jun 11 10:26:39 FYP_v00 ABB-UAL:01:Log-in successful|-|UAS_UID=131074|1110|00404|-|robot|NativeUser	404
<13>Jun 11 10:26:40 FYP_v00 ABB-UAL:01:Log-in successful|-|UAS_UID=196611|1110|00405|-|robot|NativeUser	405
<13>Jun 11 10:26:40 FYP_v00 ABB-UAL:01:Log-in successful|-|UAS_UID=262148|1110|00406|-|robot|NativeUser	406
<13>Jun 11 10:26:40 FYP_v00 ABB-UAL:01:Log-in successful|-|UAS_UID=327685|1110|00407|-|robot|NativeUser	407
<13>Jun 11 10:26:40 FYP_v00 ABB-UAL:01:Log-in successful|-|UAS_UID=393222|1110|00408|-|robot|NativeUser	408
<13>Jun 11 10:26:42 FYP_v00 ABB-UAL:01:Log-in successful|-|UAS_UID=458759|1110|00409|-|robot|Admin	409
<13>Jun 11 10:26:51 FYP_v00 ABB-UAL:01:Log-in successful|-|UAS_UID=524296|1110|00410|-|robot|Admin	410
<13>Jun 11 10:27:30 FYP_v00 ABB-UAL:01:Log-in successful|-|UAS_UID=589833|1110|00411|-|robot|Default User	411
<13>Jun 11 10:27:30 FYP_v00 ABB-UAL:01:Log-in successful|-|UAS_UID=655370|1110|00412|-|robot|Default User	412
<13>Jun 11 10:27:30 FYP_v00 ABB-UAL:01:Log-out (user logged out)|-|UAS_UID=589833|1210|00413|-|robot|	413
<13>Jun 11 10:27:30 FYP_v00 ABB-UAL:01:Log-out (user logged out)|-|UAS_UID=655370|1210|00414|-|robot|	414
<13>Jun 11 10:27:30 FYP_v00 ABB-UAL:01:Log-in successful|-|UAS_UID=720905|1110|00415|-|robot|Default User	415
<13>Jun 11 10:27:30 FYP_v00 ABB-UAL:01:Log-in successful|-|UAS_UID=786442|1110|00416|-|robot|Default User	416
<13>Jun 11 10:32:51 FYP_v00 ABB-UAL:01:Log-out (user logged out)|-|UAS_UID=524296|1210|00417|-|robot|	417
<13>Jun 11 11:47:29 FYP_v00 ABB-UAL:01:Log-out (user logged out)|-|UAS_UID=458759|1210|00418|-|robot|	418
<13>Jun 11 11:47:29 FYP_v00 ABB-UAL:01:Log-out (user logged out)|-|UAS_UID=720905|1210|00419|-|robot|	419
<13>Jun 11 11:47:29 FYP_v00 ABB-UAL:01:Log-out (user logged out)|-|Socket=7396|1210|00420|-|robot|	420
<13>Jun 11 11:51:28 FYP_v00 ABB-UAL:01:Log-out (user logged out)|-|UAS_UID=786442|1210|00421|-|robot|	421
<13>Jun 11 11:52:01 FYP_v00 ABB-UAL:01:Log-in successful|-|UAS_UID=65537|1110|00422|-|robot|NativeUser	422
<13>Jun 11 11:52:02 FYP_v00 ABB-UAL:01:Log-in successful|-|UAS_UID=131074|1110|00423|-|robot|NativeUser	423
<13>Jun 11 11:52:03 FYP_v00 ABB-UAL:01:Log-in successful|-|UAS_UID=196611|1110|00424|-|robot|NativeUser	424
<13>Jun 11 11:52:03 FYP_v00 ABB-UAL:01:Log-in successful|-|UAS_UID=262148|1110|00425|-|robot|NativeUser	425
<13>Jun 11 11:52:03 FYP_v00 ABB-UAL:01:Log-in successful|-|UAS_UID=327685|1110|00426|-|robot|NativeUser	426
<13>Jun 11 11:52:03 FYP_v00 ABB-UAL:01:Log-in successful|-|UAS_UID=393222|1110|00427|-|robot|NativeUser	427
<13>Jun 11 11:52:05 FYP_v00 ABB-UAL:01:Log-in successful|-|UAS_UID=458759|1110|00428|-|robot|Admin	428
<13>Jun 11 11:52:13 FYP_v00 ABB-UAL:01:Log-in successful|-|UAS_UID=524296|1110|00429|-|robot|Admin	429
<13>Jun 11 11:53:02 FYP_v00 ABB-UAL:01:Log-in successful|-|UAS_UID=589833|1110|00430|-|robot|Default User	430
<13>Jun 11 11:53:02 FYP_v00 ABB-UAL:01:Log-in successful|-|UAS_UID=655370|1110|00431|-|robot|Default User	431
<13>Jun 11 11:53:02 FYP_v00 ABB-UAL:01:Log-out (user logged out)|-|UAS_UID=589833|1210|00432|-|robot|	432
<13>Jun 11 11:53:02 FYP_v00 ABB-UAL:01:Log-out (user logged out)|-|UAS_UID=655370|1210|00433|-|robot|	433
<13>Jun 11 11:53:02 FYP_v00 ABB-UAL:01:Log-in successful|-|UAS_UID=720905|1110|00434|-|robot|Default User	434
<13>Jun 11 11:53:02 FYP_v00 ABB-UAL:01:Log-in successful|-|UAS_UID=786442|1110|00435|-|robot|Default User	435
<13>Jun 11 11:58:13 FYP_v00 ABB-UAL:01:Log-out (user logged out)|-|UAS_UID=524296|1210|00436|-|robot|	436
<13>Jun 11 12:48:11 FYP_v00 ABB-UAL:01:Log-out (user logged out)|-|UAS_UID=786442|1210|00437|-|robot|	437
<13>Jun 11 12:48:11 FYP_v00 ABB-UAL:01:Log-out (user logged out)|-|UAS_UID=720905|1210|00438|-|robot|	438
<13>Jun 11 12:48:11 FYP_v00 ABB-UAL:01:Log-out (user logged out)|-|UAS_UID=458759|1210|00439|-|robot|	439
<13>Jun 11 12:48:11 FYP_v00 ABB-UAL:01:Log-out (user logged out)|-|Socket=7400|1210|00440|-|robot|	440
<13>Jun 11 13:28:16 FYP_v00 ABB-UAL:01:Log-in successful|-|UAS_UID=65537|1110|00441|-|robot|NativeUser	441
<13>Jun 11 13:28:16 FYP_v00 ABB-UAL:01:Log-in successful|-|UAS_UID=131074|1110|00442|-|robot|NativeUser	442
<13>Jun 11 13:28:17 FYP_v00 ABB-UAL:01:Log-in successful|-|UAS_UID=196611|1110|00443|-|robot|NativeUser	443
<13>Jun 11 13:28:17 FYP_v00 ABB-UAL:01:Log-in successful|-|UAS_UID=262148|1110|00444|-|robot|NativeUser	444
<13>Jun 11 13:28:17 FYP_v00 ABB-UAL:01:Log-in successful|-|UAS_UID=327685|1110|00445|-|robot|NativeUser	445
<13>Jun 11 13:28:17 FYP_v00 ABB-UAL:01:Log-in successful|-|UAS_UID=393222|1110|00446|-|robot|NativeUser	446
<13>Jun 11 13:28:20 FYP_v00 ABB-UAL:01:Log-in successful|-|UAS_UID=458759|1110|00447|-|robot|Admin	447
<13>Jun 11 13:28:28 FYP_v00 ABB-UAL:01:Log-in successful|-|UAS_UID=524296|1110|00448|-|robot|Admin	448
<13>Jun 11 13:29:55 FYP_v00 ABB-UAL:01:Log-in successful|-|UAS_UID=589833|1110|00449|-|robot|Default User	449
<13>Jun 11 13:29:55 FYP_v00 ABB-UAL:01:Log-in successful|-|UAS_UID=655370|1110|00450|-|robot|Default User	450
<13>Jun 11 13:29:55 FYP_v00 ABB-UAL:01:Log-out (user logged out)|-|UAS_UID=589833|1210|00451|-|robot|	451
<13>Jun 11 13:29:55 FYP_v00 ABB-UAL:01:Log-out (user logged out)|-|UAS_UID=655370|1210|00452|-|robot|	452
<13>Jun 11 13:29:55 FYP_v00 ABB-UAL:01:Log-in successful|-|UAS_UID=720905|1110|00453|-|robot|Default User	453
<13>Jun 11 13:29:55 FYP_v00 ABB-UAL:01:Log-in successful|-|UAS_UID=786442|1110|00454|-|robot|Default User	454
<13>Jun 11 13:34:28 FYP_v00 ABB-UAL:01:Log-out (user logged out)|-|UAS_UID=524296|1210|00455|-|robot|	455
<13>Jun 11 14:08:06 FYP_v00 ABB-UAL:01:Log-out (user logged out)|-|UAS_UID=786442|1210|00456|-|robot|	456
<13>Jun 11 14:08:06 FYP_v00 ABB-UAL:01:Log-out (user logged out)|-|UAS_UID=720905|1210|00457|-|robot|	457
<13>Jun 11 14:08:06 FYP_v00 ABB-UAL:01:Log-out (user logged out)|-|UAS_UID=458759|1210|00458|-|robot|	458
<13>Jun 11 14:08:06 FYP_v00 ABB-UAL:01:Log-out (user logged out)|-|Socket=7404|1210|00459|-|robot|	459
<13>Aug  9 10:04:53 FYP_v00 ABB-UAL:01:Log-in successful|-|UAS_UID=65537|1110|00460|-|robot|NativeUser	460
<13>Aug  9 10:04:54 FYP_v00 ABB-UAL:01:Log-in successful|-|UAS_UID=131074|1110|00461|-|robot|NativeUser	461
<13>Aug  9 10:04:54 FYP_v00 ABB-UAL:01:Log-in successful|-|UAS_UID=196611|1110|00462|-|robot|NativeUser	462
<13>Aug  9 10:04:54 FYP_v00 ABB-UAL:01:Log-in successful|-|UAS_UID=262148|1110|00463|-|robot|NativeUser	463
<13>Aug  9 10:04:54 FYP_v00 ABB-UAL:01:Log-in successful|-|UAS_UID=327685|1110|00464|-|robot|NativeUser	464
<13>Aug  9 10:04:54 FYP_v00 ABB-UAL:01:Log-in successful|-|UAS_UID=393222|1110|00465|-|robot|NativeUser	465
<13>Aug  9 10:04:57 FYP_v00 ABB-UAL:01:Log-in successful|-|UAS_UID=458759|1110|00466|-|robot|Admin	466
<13>Aug  9 10:05:06 FYP_v00 ABB-UAL:01:Log-in successful|-|UAS_UID=524296|1110|00467|-|robot|Admin	467
<13>Aug  9 10:14:29 FYP_v00 ABB-UAL:01:Log-out (user logged out)|-|UAS_UID=524296|1210|00468|-|robot|	468
<13>Aug  9 10:14:29 FYP_v00 ABB-UAL:01:Log-out (user logged out)|-|UAS_UID=458759|1210|00469|-|robot|	469
<13>Aug  9 10:14:29 FYP_v00 ABB-UAL:01:Log-out (user logged out)|-|Socket=7436|1210|00470|-|robot|	470
-----BEGIN DIGEST-----
/SwZto+hbhPjTQw3CxXSlwZhwX8k423xgeGdi9EIJgmKc8u/gdo9GJ/2+AF9SenedhjpqQ==
-----END DIGEST-----
