#######  Log open at 23-06-04  18:17:45 Hora de verano romance +0200 #######
23-06-04  18:17:45	D:\Agents\1\_work\662\s\DpManager\DpManagerRWI.cpp,627,[INFO]:	Current RWI versionName: '1.8.1'
23-06-04  18:17:45	D:\Agents\1\_work\662\s\DpManager\DpManagerRWI.cpp,638,[INFO]:	Current RWI version detail '1.8.1+31'
23-06-04  18:17:45	D:\Agents\1\_work\662\s\Startup\Startup.cpp,775,[INFO]:	Current RWI: 1.8.1+31, 1.8.1
23-06-04  18:17:45	D:\Agents\1\_work\536\s\ControllerProperties\ControllerProperties.cpp,172,[WARN]:	Previous controller properties file is not present or cannot be loaded.
23-06-04  18:17:45	D:\Agents\1\_work\662\s\Startup\Startup.cpp,792,[INFO]:	Controller Id: 
23-06-04  18:17:45	D:\Agents\1\_work\536\s\ControllerProperties\ControllerProperties.cpp,875,[WARN]:	ControllerProperties::GetProperty could not find: controller_name
23-06-04  18:17:45	D:\Agents\1\_work\662\s\Startup\Startup.cpp,794,[INFO]:	Controller Name: 
23-06-04  18:17:45	D:\Agents\1\_work\662\s\DpManager\DpManagerSysInstall.cpp,858,[INFO]:	Starting SystemInstallImp::InitInstallation()...
23-06-04  18:17:45	D:\Agents\1\_work\662\s\DpManager\DpManagerSystemCommon.cpp,1295,[INFO]:	Package version check for HW Platform completed. No problem found. current HWPlatform: vc, required pkg ver = 1 
23-06-04  18:17:45	D:\Agents\1\_work\662\s\DpManager\DpManagerSysInstall.cpp,710,[INFO]:	Installation type 3, m_ctrl = '', rootPath = C:\Users\anton\AppData\Local\Temp\tmpB666.tmp\FYP_v00, systemPath = 'C:\Users\anton\AppData\Local\Temp\tmpB666.tmp\FYP_v00/Systems/FYP_v00'.
23-06-04  18:17:45	D:\Agents\1\_work\662\s\LicenseManager\LicenseManager.cpp,687,[INFO]:	Validate file 'virtual.abb.cn.robotics.wizard_1.4.1.rlf'
23-06-04  18:17:45	D:\Agents\1\_work\662\s\LicenseManager\LicenseManager.cpp,687,[INFO]:	Validate file 'virtual.abb.robotics.robotcontrol.rlf'
23-06-04  18:17:45	D:\Agents\1\_work\536\s\ControllerManagerUtility\ControllerManagerUtility.cpp,653,[INFO]:	'C:/Users/anton/AppData/Local/Temp/tmpB666.tmp/FYP_v00/Licenses/virtual.abb.robotics.robotcontrol.rlf' is not encrypted. 
23-06-04  18:17:45	D:\Agents\1\_work\536\s\ControllerManagerUtility\ControllerManagerUtility.cpp,653,[INFO]:	'C:/Users/anton/Documents/RobotStudio/Projects/FYP_v15/Virtual Controllers/FYP_v00/internal/temp/INSTALLTEMP/LICENSE/virtual.abb.robotics.robotcontrol.rlf' is not encrypted. 
23-06-04  18:17:45	D:\Agents\1\_work\536\s\ControllerManagerUtility\ControllerManagerUtility.cpp,653,[INFO]:	'C:/Users/anton/Documents/RobotStudio/Projects/FYP_v15/Virtual Controllers/FYP_v00/internal/temp/INSTALLTEMP/LICENSE/virtual.abb.robotics.robotcontrol.rlf' is not encrypted. 
23-06-04  18:17:45	D:\Agents\1\_work\662\s\LicenseManager\LicenseManager.cpp,687,[INFO]:	Validate file 'virtual.abb.robotics.robots.rlf'
23-06-04  18:17:45	D:\Agents\1\_work\662\s\DpManager\DpManagerSystemCommon.cpp,991,[INFO]:	Reading content in file path 'C:\Users\anton\AppData\Local\Temp\tmpB666.tmp\FYP_v00/Systems/FYP_v00/controller.rsf'.
23-06-04  18:17:45	D:\Agents\1\_work\662\s\DpManager\DpManagerSysInstall.cpp,1855,[INFO]:	Path = 'C:\Users\anton\AppData\Local\Temp\tmpB666.tmp\FYP_v00/Products/abb.robotics.robotcontrol', manifestfile = 'abb.robotics.robotcontrol.rmf'.
23-06-04  18:17:45	D:\Agents\1\_work\662\s\DpManager\DpManagerSysInstall.cpp,1855,[INFO]:	Path = 'C:\Users\anton\AppData\Local\Temp\tmpB666.tmp\FYP_v00/Products/abb.robotics.robotos', manifestfile = 'abb.robotics.robotos.rmf'.
23-06-04  18:17:45	D:\Agents\1\_work\662\s\DpManager\DpManagerSysInstall.cpp,1855,[INFO]:	Path = 'C:\Users\anton\AppData\Local\Temp\tmpB666.tmp\FYP_v00/Products/abb.robotics.robots', manifestfile = 'abb.robotics.robots.rmf'.
23-06-04  18:17:45	D:\Agents\1\_work\662\s\DpManager\DpManagerSysInstall.cpp,1855,[INFO]:	Path = 'C:\Users\anton\AppData\Local\Temp\tmpB666.tmp\FYP_v00/Products/abb.cn.robotics.wizard', manifestfile = 'abb.cn.robotics.wizard_1.4.1.rmf'.
23-06-04  18:17:45	D:\Agents\1\_work\662\s\DpManager\DpManagerSystemCommon.cpp,746,[INFO]:	versionMin Major value: 7
23-06-04  18:17:45	D:\Agents\1\_work\662\s\DpManager\DpManagerSystemCommon.cpp,769,[INFO]:	New dependency: RobotOS, min:7.0.1, max:7.99999999.99999999.
23-06-04  18:17:45	D:\Agents\1\_work\662\s\DpManager\DpManagerSystemCommon.cpp,746,[INFO]:	versionMin Major value: 1
23-06-04  18:17:45	D:\Agents\1\_work\662\s\DpManager\DpManagerSystemCommon.cpp,769,[INFO]:	New dependency: RobotWareInstallationUtilities, min:1.8.1, max:1.99999999.99999999.
23-06-04  18:17:45	D:\Agents\1\_work\662\s\DpManager\DpManagerSystemCommon.cpp,746,[INFO]:	versionMin Major value: 1
23-06-04  18:17:45	D:\Agents\1\_work\662\s\DpManager\DpManagerSystemCommon.cpp,769,[INFO]:	New dependency: RobotWareInstallationUtilities, min:1.8.1, max:1.99999999.99999999.
23-06-04  18:17:45	D:\Agents\1\_work\662\s\DpManager\DpManagerSystemCommon.cpp,700,[INFO]:	Using default hwplatform for AddIns: '*'.
23-06-04  18:17:45	D:\Agents\1\_work\662\s\DpManager\DpManagerSystemCommon.cpp,746,[INFO]:	versionMin Major value: 7
23-06-04  18:17:45	D:\Agents\1\_work\662\s\DpManager\DpManagerSystemCommon.cpp,769,[INFO]:	New dependency: RobotControl, min:7.1.0-225.Internal, max:7.99999999.99999999.
23-06-04  18:17:45	D:\Agents\1\_work\662\s\DpManager\DpManagerSystemCommon.cpp,700,[INFO]:	Using default hwplatform for AddIns: '*'.
23-06-04  18:17:45	D:\Agents\1\_work\662\s\DpManager\DpManagerSystemCommon.cpp,715,[INFO]:	No <Dependecy> found in product 'Wizard' in file 'abb.cn.robotics.wizard_1.4.1.rmf'.
23-06-04  18:17:45	D:\Agents\1\_work\536\s\ControllerManagerUtility\ControllerManagerUtility.cpp,653,[INFO]:	'C:/Users/anton/Documents/RobotStudio/Projects/FYP_v15/Virtual Controllers/FYP_v00/internal/temp/INSTALLTEMP/LICENSE/virtual.abb.robotics.robotcontrol.rlf' is not encrypted. 
23-06-04  18:17:45	D:\Agents\1\_work\536\s\ControllerManagerUtility\ControllerManagerUtility.cpp,653,[INFO]:	'C:/Users/anton/Documents/RobotStudio/Projects/FYP_v15/Virtual Controllers/FYP_v00/internal/temp/INSTALLTEMP/LICENSE/virtual.abb.robotics.robotcontrol.rlf' is not encrypted. 
23-06-04  18:17:45	D:\Agents\1\_work\662\s\DpManager\DpManagerUtility.cpp,700,[INFO]:	Validate manifest 'C:\Users\anton\AppData\Local\Temp\tmpB666.tmp\FYP_v00/Products/abb.robotics.robotcontrol/abb.robotics.robotcontrol.rmf'
23-06-04  18:17:45	D:\Agents\1\_work\662\s\DpManager\DpManagerUtility.cpp,763,[INFO]:	Validate all .rpk files.
23-06-04  18:17:45	D:\Agents\1\_work\662\s\DpManager\DpManagerUtility.cpp,700,[INFO]:	Validate manifest 'C:\Users\anton\AppData\Local\Temp\tmpB666.tmp\FYP_v00/Products/abb.robotics.robotos/abb.robotics.robotos.rmf'
23-06-04  18:17:45	D:\Agents\1\_work\662\s\DpManager\DpManagerUtility.cpp,763,[INFO]:	Validate all .rpk files.
23-06-04  18:17:45	D:\Agents\1\_work\662\s\DpManager\DpManagerUtility.cpp,700,[INFO]:	Validate manifest 'C:\Users\anton\AppData\Local\Temp\tmpB666.tmp\FYP_v00/Products/abb.robotics.robots/abb.robotics.robots.rmf'
23-06-04  18:17:45	D:\Agents\1\_work\662\s\DpManager\DpManagerUtility.cpp,763,[INFO]:	Validate all .rpk files.
23-06-04  18:17:46	D:\Agents\1\_work\662\s\DpManager\DpManagerUtility.cpp,700,[INFO]:	Validate manifest 'C:\Users\anton\AppData\Local\Temp\tmpB666.tmp\FYP_v00/Products/abb.cn.robotics.wizard/abb.cn.robotics.wizard_1.4.1.rmf'
23-06-04  18:17:46	D:\Agents\1\_work\662\s\DpManager\DpManagerUtility.cpp,741,[WARN]:	Untrusted root certificate C:\Users\anton\AppData\Local\Temp\tmpB666.tmp\FYP_v00/Products/abb.cn.robotics.wizard/abb.cn.robotics.wizard_1.4.1.rmf
23-06-04  18:17:46	D:\Agents\1\_work\662\s\DpManager\DpManagerUtility.cpp,763,[INFO]:	Validate all .rpk files.
23-06-04  18:17:46	D:\Agents\1\_work\662\s\DpManager\DpManagerRWI.cpp,627,[INFO]:	Current RWI versionName: '1.8.1'
23-06-04  18:17:46	D:\Agents\1\_work\662\s\DpManager\DpManagerRWI.cpp,638,[INFO]:	Current RWI version detail '1.8.1+31'
23-06-04  18:17:46	D:\Agents\1\_work\662\s\DpManager\DpManagerRWI.cpp,627,[INFO]:	Current RWI versionName: '1.8.1'
23-06-04  18:17:46	D:\Agents\1\_work\662\s\DpManager\DpManagerRWI.cpp,638,[INFO]:	Current RWI version detail '1.8.1+31'
23-06-04  18:17:46	D:\Agents\1\_work\662\s\DpManager\DpManagerSystemCommon.cpp,1226,[INFO]:	Product HW platform compatibility check done.
23-06-04  18:17:46	D:\Agents\1\_work\662\s\DpManager\DpManagerSystemCommon.cpp,161,[INFO]:	Starting resolve dependencies. Current platform is 'vc', nr of products is 4.
23-06-04  18:17:46	D:\Agents\1\_work\662\s\DpManager\DpManagerSystemCommon.cpp,209,[INFO]:	Added RobotOS, version '7.0.1+0'. Number of products left is 3.
23-06-04  18:17:46	D:\Agents\1\_work\662\s\DpManager\DpManagerSystemCommon.cpp,249,[INFO]:	Dependency check to RobotOS.
23-06-04  18:17:46	D:\Agents\1\_work\662\s\DpManager\DpManagerSystemCommon.cpp,324,[INFO]:	Add product RobotControl. Nr of products left is 2.
23-06-04  18:17:46	D:\Agents\1\_work\662\s\DpManager\DpManagerSystemCommon.cpp,335,[INFO]:	Add all products that have only one dependency and it is RobotControl.
23-06-04  18:17:46	D:\Agents\1\_work\662\s\DpManager\DpManagerSystemCommon.cpp,352,[INFO]:	Only dependency on RobotControl. Add product 'Robots' to the sorted List.
23-06-04  18:17:46	D:\Agents\1\_work\662\s\DpManager\DpManagerSystemCommon.cpp,370,[INFO]:	Check dependency loop 0 starts, nr of products to solve dependency is 1.
23-06-04  18:17:46	D:\Agents\1\_work\662\s\DpManager\DpManagerSystemCommon.cpp,425,[INFO]:	Add product 'Wizard' to the sorted List.
23-06-04  18:17:46	D:\Agents\1\_work\662\s\DpManager\DpManagerSystemCommon.cpp,365,[INFO]:	No more products left to check dependency.
23-06-04  18:17:46	D:\Agents\1\_work\662\s\DpManager\DpManagerSystemCommon.cpp,472,[INFO]:	Done resolving dependencies, status = 0.
23-06-04  18:17:46	D:\Agents\1\_work\662\s\DpManager\DpManagerSysInstall.cpp,1092,[INFO]:	Product root dir path 'C:/Users/anton/AppData/Local/ABB/RobotWare'.
23-06-04  18:17:46	D:\Agents\1\_work\662\s\DpManager\DpManagerSysInstall.cpp,1113,[INFO]:	Install product 'RobotOS' to 'C:/Users/anton/AppData/Local/ABB/RobotWare/RobotOS_7.0.1'.
23-06-04  18:17:46	D:\Agents\1\_work\662\s\DpManager\DpManagerSysInstall.cpp,1129,[INFO]:	Product 'RobotOS' is already installed.
23-06-04  18:17:46	D:\Agents\1\_work\662\s\DpManager\DpManagerSysInstall.cpp,1113,[INFO]:	Install product 'RobotControl' to 'C:/Users/anton/AppData/Local/ABB/RobotWare/RobotControl_7.8.2'.
23-06-04  18:17:46	D:\Agents\1\_work\662\s\DpManager\DpManagerSysInstall.cpp,1129,[INFO]:	Product 'RobotControl' is already installed.
23-06-04  18:17:46	D:\Agents\1\_work\662\s\DpManager\DpManagerSysInstall.cpp,1113,[INFO]:	Install product 'Robots' to 'C:/Users/anton/AppData/Local/ABB/RobotWare/Robots_1.9.1'.
23-06-04  18:17:46	D:\Agents\1\_work\662\s\DpManager\DpManagerSysInstall.cpp,1129,[INFO]:	Product 'Robots' is already installed.
23-06-04  18:17:46	D:\Agents\1\_work\662\s\DpManager\DpManagerSysInstall.cpp,1113,[INFO]:	Install product 'Wizard' to 'C:/Users/anton/AppData/Local/ABB/RobotWare/Wizard_1.4.1'.
23-06-04  18:17:46	D:\Agents\1\_work\662\s\DpManager\DpManagerSysInstall.cpp,1129,[INFO]:	Product 'Wizard' is already installed.
23-06-04  18:17:46	D:\Agents\1\_work\662\s\DpManager\DpManagerSysInstall.cpp,1892,[INFO]:	Write return message to file 'C:/Users/anton/Documents/RobotStudio/Projects/FYP_v15/Virtual Controllers/FYP_v00/internal/inbox/message'.
23-06-04  18:17:46	D:\Agents\1\_work\662\s\DpManager\DpManagerUtility.cpp,1461,[INFO]:	Get boot info for 'VC' platform...
23-06-04  18:17:46	D:\Agents\1\_work\662\s\DpManager\DpManagerUtility.cpp,1415,[INFO]:	Got '/VCImage' from the common section: S27.01/bin/s27.01.dll.
23-06-04  18:17:46	D:\Agents\1\_work\662\s\DpManager\DpManagerSystemCommon.cpp,1696,[INFO]:	S27 OS image path from boot info: C:/Users/anton/AppData/Local/ABB/RobotWare/RobotOS_7.0.1/S27.01/bin/s27.01.dll.
23-06-04  18:17:46	D:\Agents\1\_work\662\s\DpManager\DpManagerSysInstall.cpp,1345,[INFO]:	Installation has been finished, status = 0.
23-06-04  18:17:46	D:\Agents\1\_work\662\s\DpManager\DpManagerSysInstall.cpp,1346,[INFO]:	Clean up the temporary files.
23-06-04  18:17:46	D:\Agents\1\_work\662\s\VCInstaller\VCInstaller.cpp,575,[INFO]:	No HW settings file used.
